[TRACE] 2022-09-02 18:59:10.202 [main] XBeanDebug - Loading type system org.apache.poi.schemas.ooxml.system.ooxml
[TRACE] 2022-09-02 18:59:10.216 [main] XBeanDebug - Loading type system org.apache.xmlbeans.metadata.system.sXMLCONFIG
[TRACE] 2022-09-02 18:59:10.218 [main] XBeanDebug - Loading type system org.apache.xmlbeans.metadata.system.sXMLLANG
[TRACE] 2022-09-02 18:59:10.220 [main] XBeanDebug - Loading type system org.apache.xmlbeans.metadata.system.sXMLSCHEMA
[TRACE] 2022-09-02 18:59:10.223 [main] XBeanDebug - Loading type system org.apache.xmlbeans.metadata.system.sXMLTOOLS
[TRACE] 2022-09-02 18:59:10.225 [main] XBeanDebug - Reading unresolved handles for type system org.apache.xmlbeans.metadata.system.sXMLTOOLS
[TRACE] 2022-09-02 18:59:10.247 [main] XBeanDebug - Finished loading type system org.apache.xmlbeans.metadata.system.sXMLTOOLS
[TRACE] 2022-09-02 18:59:10.249 [main] XBeanDebug - Reading unresolved handles for type system org.apache.xmlbeans.metadata.system.sXMLSCHEMA
[TRACE] 2022-09-02 18:59:10.259 [main] XBeanDebug - Finished loading type system org.apache.xmlbeans.metadata.system.sXMLSCHEMA
[TRACE] 2022-09-02 18:59:10.260 [main] XBeanDebug - Reading unresolved handles for type system org.apache.xmlbeans.metadata.system.sXMLLANG
[TRACE] 2022-09-02 18:59:10.262 [main] XBeanDebug - Finished loading type system org.apache.xmlbeans.metadata.system.sXMLLANG
[TRACE] 2022-09-02 18:59:10.264 [main] XBeanDebug - Reading unresolved handles for type system org.apache.xmlbeans.metadata.system.sXMLCONFIG
[TRACE] 2022-09-02 18:59:10.266 [main] XBeanDebug - Finished loading type system org.apache.xmlbeans.metadata.system.sXMLCONFIG
[TRACE] 2022-09-02 18:59:10.268 [main] XBeanDebug - Reading unresolved handles for type system org.apache.poi.schemas.ooxml.system.ooxml
[TRACE] 2022-09-02 18:59:10.352 [main] XBeanDebug - Finished loading type system org.apache.poi.schemas.ooxml.system.ooxml
[TRACE] 2022-09-02 18:59:10.353 [main] XBeanDebug - Resolving type for handle themefd26doctype
[TRACE] 2022-09-02 18:59:10.465 [main] XBeanDebug - Resolving type for handle stylesheet5d8bdoctype
[TRACE] 2022-09-02 18:59:10.499 [main] XBeanDebug - Resolving type for handle ctstylesheet4257type
[TRACE] 2022-09-02 18:59:10.513 [main] XBeanDebug - Resolving type for handle ctnumfmtsb58btype
[TRACE] 2022-09-02 18:59:10.518 [main] XBeanDebug - Resolving type for handle ctnumfmt3870type
[TRACE] 2022-09-02 18:59:10.521 [main] XBeanDebug - Resolving type for handle stnumfmtid76fbtype
[TRACE] 2022-09-02 18:59:10.533 [main] XBeanDebug - Resolving type for handle stxstringf179type
[TRACE] 2022-09-02 18:59:10.537 [main] XBeanDebug - Resolving type for handle ctfonts6623type
[TRACE] 2022-09-02 18:59:10.542 [main] XBeanDebug - Resolving type for handle ctfont14d8type
[TRACE] 2022-09-02 18:59:10.553 [main] XBeanDebug - Resolving type for handle ctfills2c6ftype
[TRACE] 2022-09-02 18:59:10.558 [main] XBeanDebug - Resolving type for handle ctfill550ctype
[TRACE] 2022-09-02 18:59:10.564 [main] XBeanDebug - Resolving type for handle ctborders0d66type
[TRACE] 2022-09-02 18:59:10.569 [main] XBeanDebug - Resolving type for handle ctborderf935type
[TRACE] 2022-09-02 18:59:10.576 [main] XBeanDebug - Resolving type for handle ctcellxfs1322type
[TRACE] 2022-09-02 18:59:10.581 [main] XBeanDebug - Resolving type for handle ctxf97f7type
[TRACE] 2022-09-02 18:59:10.587 [main] XBeanDebug - Resolving type for handle ctcellstylexfsa81ftype
[TRACE] 2022-09-02 18:59:10.594 [main] XBeanDebug - Resolving type for handle cttablestyles872ftype
[TRACE] 2022-09-02 18:59:10.599 [main] XBeanDebug - Resolving type for handle sstf81fdoctype
[TRACE] 2022-09-02 18:59:10.605 [main] XBeanDebug - Resolving type for handle ctsst44f3type
[TRACE] 2022-09-02 18:59:10.612 [main] XBeanDebug - Resolving type for handle ctrsta472type
[TRACE] 2022-09-02 18:59:10.644 [main] XBeanDebug - Resolving type for handle workbookec17doctype
[TRACE] 2022-09-02 18:59:10.650 [main] XBeanDebug - Resolving type for handle ctworkbook83c3type
[TRACE] 2022-09-02 18:59:10.659 [main] XBeanDebug - Resolving type for handle ctsheets49fdtype
[TRACE] 2022-09-02 18:59:10.663 [main] XBeanDebug - Resolving type for handle ctsheet4dbetype
[TRACE] 2022-09-02 18:59:10.668 [main] XBeanDebug - Resolving type for handle strelationshipid1e94type
[TRACE] 2022-09-02 18:59:10.672 [main] XBeanDebug - Resolving type for handle worksheetf539doctype
[TRACE] 2022-09-02 18:59:10.679 [main] XBeanDebug - Resolving type for handle ctworksheet530dtype
[TRACE] 2022-09-02 18:59:10.692 [main] XBeanDebug - Resolving type for handle ctsheetdata8408type
[TRACE] 2022-09-02 18:59:10.697 [main] XBeanDebug - Resolving type for handle ctrowdd39type
[TRACE] 2022-09-02 18:59:10.707 [main] XBeanDebug - Resolving type for handle ctcell842btype
[TRACE] 2022-09-02 18:59:10.719 [main] XBeanDebug - Resolving type for handle stcellrefe4e0type
[TRACE] 2022-09-02 18:59:10.732 [main] XBeanDebug - Resolving type for handle ctcols627ctype
[TRACE] 2022-09-02 18:59:10.741 [main] XBeanDebug - Resolving type for handle ctcola95ftype
[TRACE] 2022-09-02 18:59:10.780 [main] XBeanDebug - Resolving type for handle stcelltypebf95type
