[TRACE] 2022-07-24 16:33:22.106 [main] XBeanDebug - Loading type system org.apache.poi.schemas.ooxml.system.ooxml
[TRACE] 2022-07-24 16:33:22.114 [main] XBeanDebug - Loading type system org.apache.xmlbeans.metadata.system.sXMLCONFIG
[TRACE] 2022-07-24 16:33:22.115 [main] XBeanDebug - Loading type system org.apache.xmlbeans.metadata.system.sXMLLANG
[TRACE] 2022-07-24 16:33:22.116 [main] XBeanDebug - Loading type system org.apache.xmlbeans.metadata.system.sXMLSCHEMA
[TRACE] 2022-07-24 16:33:22.118 [main] XBeanDebug - Loading type system org.apache.xmlbeans.metadata.system.sXMLTOOLS
[TRACE] 2022-07-24 16:33:22.120 [main] XBeanDebug - Reading unresolved handles for type system org.apache.xmlbeans.metadata.system.sXMLTOOLS
[TRACE] 2022-07-24 16:33:22.132 [main] XBeanDebug - Finished loading type system org.apache.xmlbeans.metadata.system.sXMLTOOLS
[TRACE] 2022-07-24 16:33:22.133 [main] XBeanDebug - Reading unresolved handles for type system org.apache.xmlbeans.metadata.system.sXMLSCHEMA
[TRACE] 2022-07-24 16:33:22.139 [main] XBeanDebug - Finished loading type system org.apache.xmlbeans.metadata.system.sXMLSCHEMA
[TRACE] 2022-07-24 16:33:22.140 [main] XBeanDebug - Reading unresolved handles for type system org.apache.xmlbeans.metadata.system.sXMLLANG
[TRACE] 2022-07-24 16:33:22.141 [main] XBeanDebug - Finished loading type system org.apache.xmlbeans.metadata.system.sXMLLANG
[TRACE] 2022-07-24 16:33:22.142 [main] XBeanDebug - Reading unresolved handles for type system org.apache.xmlbeans.metadata.system.sXMLCONFIG
[TRACE] 2022-07-24 16:33:22.143 [main] XBeanDebug - Finished loading type system org.apache.xmlbeans.metadata.system.sXMLCONFIG
[TRACE] 2022-07-24 16:33:22.144 [main] XBeanDebug - Reading unresolved handles for type system org.apache.poi.schemas.ooxml.system.ooxml
[TRACE] 2022-07-24 16:33:22.227 [main] XBeanDebug - Finished loading type system org.apache.poi.schemas.ooxml.system.ooxml
[TRACE] 2022-07-24 16:33:22.230 [main] XBeanDebug - Resolving type for handle themefd26doctype
[TRACE] 2022-07-24 16:33:22.291 [main] XBeanDebug - Resolving type for handle stylesheet5d8bdoctype
[TRACE] 2022-07-24 16:33:22.313 [main] XBeanDebug - Resolving type for handle ctstylesheet4257type
[TRACE] 2022-07-24 16:33:22.320 [main] XBeanDebug - Resolving type for handle ctnumfmtsb58btype
[TRACE] 2022-07-24 16:33:22.324 [main] XBeanDebug - Resolving type for handle ctnumfmt3870type
[TRACE] 2022-07-24 16:33:22.327 [main] XBeanDebug - Resolving type for handle stnumfmtid76fbtype
[TRACE] 2022-07-24 16:33:22.335 [main] XBeanDebug - Resolving type for handle stxstringf179type
[TRACE] 2022-07-24 16:33:22.338 [main] XBeanDebug - Resolving type for handle ctfonts6623type
[TRACE] 2022-07-24 16:33:22.342 [main] XBeanDebug - Resolving type for handle ctfont14d8type
[TRACE] 2022-07-24 16:33:22.351 [main] XBeanDebug - Resolving type for handle ctfills2c6ftype
[TRACE] 2022-07-24 16:33:22.354 [main] XBeanDebug - Resolving type for handle ctfill550ctype
[TRACE] 2022-07-24 16:33:22.357 [main] XBeanDebug - Resolving type for handle ctborders0d66type
[TRACE] 2022-07-24 16:33:22.360 [main] XBeanDebug - Resolving type for handle ctborderf935type
[TRACE] 2022-07-24 16:33:22.363 [main] XBeanDebug - Resolving type for handle ctcellxfs1322type
[TRACE] 2022-07-24 16:33:22.365 [main] XBeanDebug - Resolving type for handle ctxf97f7type
[TRACE] 2022-07-24 16:33:22.369 [main] XBeanDebug - Resolving type for handle ctcellstylexfsa81ftype
[TRACE] 2022-07-24 16:33:22.371 [main] XBeanDebug - Resolving type for handle cttablestyles872ftype
[TRACE] 2022-07-24 16:33:22.374 [main] XBeanDebug - Resolving type for handle sstf81fdoctype
[TRACE] 2022-07-24 16:33:22.379 [main] XBeanDebug - Resolving type for handle ctsst44f3type
[TRACE] 2022-07-24 16:33:22.384 [main] XBeanDebug - Resolving type for handle ctrsta472type
[TRACE] 2022-07-24 16:33:22.403 [main] XBeanDebug - Resolving type for handle workbookec17doctype
[TRACE] 2022-07-24 16:33:22.407 [main] XBeanDebug - Resolving type for handle ctworkbook83c3type
[TRACE] 2022-07-24 16:33:22.412 [main] XBeanDebug - Resolving type for handle ctsheets49fdtype
[TRACE] 2022-07-24 16:33:22.415 [main] XBeanDebug - Resolving type for handle ctsheet4dbetype
[TRACE] 2022-07-24 16:33:22.417 [main] XBeanDebug - Resolving type for handle strelationshipid1e94type
[TRACE] 2022-07-24 16:33:22.420 [main] XBeanDebug - Resolving type for handle worksheetf539doctype
[TRACE] 2022-07-24 16:33:22.424 [main] XBeanDebug - Resolving type for handle ctworksheet530dtype
[TRACE] 2022-07-24 16:33:22.440 [main] XBeanDebug - Resolving type for handle ctsheetdata8408type
[TRACE] 2022-07-24 16:33:22.443 [main] XBeanDebug - Resolving type for handle ctrowdd39type
[TRACE] 2022-07-24 16:33:22.449 [main] XBeanDebug - Resolving type for handle ctcell842btype
[TRACE] 2022-07-24 16:33:22.456 [main] XBeanDebug - Resolving type for handle stcellrefe4e0type
[TRACE] 2022-07-24 16:33:22.464 [main] XBeanDebug - Resolving type for handle ctcols627ctype
[TRACE] 2022-07-24 16:33:22.469 [main] XBeanDebug - Resolving type for handle ctcola95ftype
[TRACE] 2022-07-24 16:33:22.489 [main] XBeanDebug - Resolving type for handle stcelltypebf95type
