[TRACE] 2022-07-24 16:50:40.061 [main] XBeanDebug - Loading type system org.apache.poi.schemas.ooxml.system.ooxml
[TRACE] 2022-07-24 16:50:40.114 [main] XBeanDebug - Loading type system org.apache.xmlbeans.metadata.system.sXMLCONFIG
[TRACE] 2022-07-24 16:50:40.116 [main] XBeanDebug - Loading type system org.apache.xmlbeans.metadata.system.sXMLLANG
[TRACE] 2022-07-24 16:50:40.117 [main] XBeanDebug - Loading type system org.apache.xmlbeans.metadata.system.sXMLSCHEMA
[TRACE] 2022-07-24 16:50:40.119 [main] XBeanDebug - Loading type system org.apache.xmlbeans.metadata.system.sXMLTOOLS
[TRACE] 2022-07-24 16:50:40.121 [main] XBeanDebug - Reading unresolved handles for type system org.apache.xmlbeans.metadata.system.sXMLTOOLS
[TRACE] 2022-07-24 16:50:40.132 [main] XBeanDebug - Finished loading type system org.apache.xmlbeans.metadata.system.sXMLTOOLS
[TRACE] 2022-07-24 16:50:40.133 [main] XBeanDebug - Reading unresolved handles for type system org.apache.xmlbeans.metadata.system.sXMLSCHEMA
[TRACE] 2022-07-24 16:50:40.139 [main] XBeanDebug - Finished loading type system org.apache.xmlbeans.metadata.system.sXMLSCHEMA
[TRACE] 2022-07-24 16:50:40.140 [main] XBeanDebug - Reading unresolved handles for type system org.apache.xmlbeans.metadata.system.sXMLLANG
[TRACE] 2022-07-24 16:50:40.142 [main] XBeanDebug - Finished loading type system org.apache.xmlbeans.metadata.system.sXMLLANG
[TRACE] 2022-07-24 16:50:40.143 [main] XBeanDebug - Reading unresolved handles for type system org.apache.xmlbeans.metadata.system.sXMLCONFIG
[TRACE] 2022-07-24 16:50:40.144 [main] XBeanDebug - Finished loading type system org.apache.xmlbeans.metadata.system.sXMLCONFIG
[TRACE] 2022-07-24 16:50:40.145 [main] XBeanDebug - Reading unresolved handles for type system org.apache.poi.schemas.ooxml.system.ooxml
[TRACE] 2022-07-24 16:50:40.219 [main] XBeanDebug - Finished loading type system org.apache.poi.schemas.ooxml.system.ooxml
[TRACE] 2022-07-24 16:50:40.220 [main] XBeanDebug - Resolving type for handle themefd26doctype
[TRACE] 2022-07-24 16:50:40.263 [main] XBeanDebug - Resolving type for handle stylesheet5d8bdoctype
[TRACE] 2022-07-24 16:50:40.280 [main] XBeanDebug - Resolving type for handle ctstylesheet4257type
[TRACE] 2022-07-24 16:50:40.285 [main] XBeanDebug - Resolving type for handle ctnumfmtsb58btype
[TRACE] 2022-07-24 16:50:40.289 [main] XBeanDebug - Resolving type for handle ctnumfmt3870type
[TRACE] 2022-07-24 16:50:40.291 [main] XBeanDebug - Resolving type for handle stnumfmtid76fbtype
[TRACE] 2022-07-24 16:50:40.298 [main] XBeanDebug - Resolving type for handle stxstringf179type
[TRACE] 2022-07-24 16:50:40.301 [main] XBeanDebug - Resolving type for handle ctfonts6623type
[TRACE] 2022-07-24 16:50:40.304 [main] XBeanDebug - Resolving type for handle ctfont14d8type
[TRACE] 2022-07-24 16:50:40.310 [main] XBeanDebug - Resolving type for handle ctfills2c6ftype
[TRACE] 2022-07-24 16:50:40.312 [main] XBeanDebug - Resolving type for handle ctfill550ctype
[TRACE] 2022-07-24 16:50:40.315 [main] XBeanDebug - Resolving type for handle ctborders0d66type
[TRACE] 2022-07-24 16:50:40.318 [main] XBeanDebug - Resolving type for handle ctborderf935type
[TRACE] 2022-07-24 16:50:40.321 [main] XBeanDebug - Resolving type for handle ctcellxfs1322type
[TRACE] 2022-07-24 16:50:40.323 [main] XBeanDebug - Resolving type for handle ctxf97f7type
[TRACE] 2022-07-24 16:50:40.326 [main] XBeanDebug - Resolving type for handle ctcellstylexfsa81ftype
[TRACE] 2022-07-24 16:50:40.328 [main] XBeanDebug - Resolving type for handle cttablestyles872ftype
[TRACE] 2022-07-24 16:50:40.331 [main] XBeanDebug - Resolving type for handle sstf81fdoctype
[TRACE] 2022-07-24 16:50:40.335 [main] XBeanDebug - Resolving type for handle ctsst44f3type
[TRACE] 2022-07-24 16:50:40.339 [main] XBeanDebug - Resolving type for handle ctrsta472type
[TRACE] 2022-07-24 16:50:40.356 [main] XBeanDebug - Resolving type for handle workbookec17doctype
[TRACE] 2022-07-24 16:50:40.360 [main] XBeanDebug - Resolving type for handle ctworkbook83c3type
[TRACE] 2022-07-24 16:50:40.364 [main] XBeanDebug - Resolving type for handle ctsheets49fdtype
[TRACE] 2022-07-24 16:50:40.367 [main] XBeanDebug - Resolving type for handle ctsheet4dbetype
[TRACE] 2022-07-24 16:50:40.369 [main] XBeanDebug - Resolving type for handle strelationshipid1e94type
[TRACE] 2022-07-24 16:50:40.372 [main] XBeanDebug - Resolving type for handle worksheetf539doctype
[TRACE] 2022-07-24 16:50:40.377 [main] XBeanDebug - Resolving type for handle ctworksheet530dtype
[TRACE] 2022-07-24 16:50:40.384 [main] XBeanDebug - Resolving type for handle ctsheetdata8408type
[TRACE] 2022-07-24 16:50:40.387 [main] XBeanDebug - Resolving type for handle ctrowdd39type
[TRACE] 2022-07-24 16:50:40.391 [main] XBeanDebug - Resolving type for handle ctcell842btype
[TRACE] 2022-07-24 16:50:40.399 [main] XBeanDebug - Resolving type for handle stcellrefe4e0type
[TRACE] 2022-07-24 16:50:40.407 [main] XBeanDebug - Resolving type for handle ctcols627ctype
[TRACE] 2022-07-24 16:50:40.412 [main] XBeanDebug - Resolving type for handle ctcola95ftype
[TRACE] 2022-07-24 16:50:40.433 [main] XBeanDebug - Resolving type for handle stcelltypebf95type
