[DEBUG] 2022-09-02 18:56:53.304 [main] InternalLoggerFactory - Using Log4J2 as the default logging framework
[DEBUG] 2022-09-02 18:56:53.367 [main] ResourceLeakDetector - -Dio.netty.leakDetection.level: simple
[DEBUG] 2022-09-02 18:56:53.367 [main] ResourceLeakDetector - -Dio.netty.leakDetection.targetRecords: 4
[DEBUG] 2022-09-02 18:56:53.395 [main] ResourceLeakDetectorFactory - Loaded default ResourceLeakDetector: io.netty.util.ResourceLeakDetector@21ca139c
[DEBUG] 2022-09-02 18:56:53.466 [main] PlatformDependent0 - -Dio.netty.noUnsafe: false
[DEBUG] 2022-09-02 18:56:53.466 [main] PlatformDependent0 - Java version: 8
[DEBUG] 2022-09-02 18:56:53.472 [main] PlatformDependent0 - sun.misc.Unsafe.theUnsafe: available
[DEBUG] 2022-09-02 18:56:53.474 [main] PlatformDependent0 - sun.misc.Unsafe.copyMemory: available
[DEBUG] 2022-09-02 18:56:53.477 [main] PlatformDependent0 - sun.misc.Unsafe.storeFence: available
[DEBUG] 2022-09-02 18:56:53.478 [main] PlatformDependent0 - java.nio.Buffer.address: available
[DEBUG] 2022-09-02 18:56:53.480 [main] PlatformDependent0 - direct buffer constructor: available
[DEBUG] 2022-09-02 18:56:53.482 [main] PlatformDependent0 - java.nio.Bits.unaligned: available, true
[DEBUG] 2022-09-02 18:56:53.482 [main] PlatformDependent0 - jdk.internal.misc.Unsafe.allocateUninitializedArray(int): unavailable prior to Java9
[DEBUG] 2022-09-02 18:56:53.483 [main] PlatformDependent0 - java.nio.DirectByteBuffer.<init>(long, int): available
[DEBUG] 2022-09-02 18:56:53.484 [main] PlatformDependent - sun.misc.Unsafe: available
[DEBUG] 2022-09-02 18:56:53.485 [main] PlatformDependent - -Dio.netty.tmpdir: C:\Users\DERANT~1\AppData\Local\Temp (java.io.tmpdir)
[DEBUG] 2022-09-02 18:56:53.486 [main] PlatformDependent - -Dio.netty.bitMode: 64 (sun.arch.data.model)
[DEBUG] 2022-09-02 18:56:53.487 [main] PlatformDependent - Platform: Windows
[DEBUG] 2022-09-02 18:56:53.489 [main] PlatformDependent - -Dio.netty.maxDirectMemory: 3793747968 bytes
[DEBUG] 2022-09-02 18:56:53.489 [main] PlatformDependent - -Dio.netty.uninitializedArrayAllocationThreshold: -1
[DEBUG] 2022-09-02 18:56:53.516 [main] CleanerJava6 - java.nio.ByteBuffer.cleaner(): available
[DEBUG] 2022-09-02 18:56:53.518 [main] PlatformDependent - -Dio.netty.noPreferDirect: false
[DEBUG] 2022-09-02 18:56:53.541 [main] PlatformDependent - org.jctools-core.MpscChunkedArrayQueue: available
[DEBUG] 2022-09-02 18:56:53.643 [main] InternalThreadLocalMap - -Dio.netty.threadLocalMap.stringBuilder.initialSize: 1024
[DEBUG] 2022-09-02 18:56:53.644 [main] InternalThreadLocalMap - -Dio.netty.threadLocalMap.stringBuilder.maxSize: 4096
[DEBUG] 2022-09-02 18:56:53.684 [main] JdkSslContext - Default protocols (JDK): [TLSv1.3, TLSv1.2] 
[DEBUG] 2022-09-02 18:56:53.685 [main] JdkSslContext - Default cipher suites (JDK): [TLS_ECDHE_ECDSA_WITH_AES_256_GCM_SHA384, TLS_ECDHE_ECDSA_WITH_AES_128_GCM_SHA256, TLS_ECDHE_RSA_WITH_AES_128_GCM_SHA256, TLS_ECDHE_RSA_WITH_AES_256_GCM_SHA384, TLS_ECDHE_RSA_WITH_AES_128_CBC_SHA, TLS_ECDHE_RSA_WITH_AES_256_CBC_SHA, TLS_RSA_WITH_AES_128_GCM_SHA256, TLS_RSA_WITH_AES_128_CBC_SHA, TLS_RSA_WITH_AES_256_CBC_SHA, TLS_AES_128_GCM_SHA256, TLS_AES_256_GCM_SHA384]
[DEBUG] 2022-09-02 18:56:53.829 [main] MultithreadEventLoopGroup - -Dio.netty.eventLoopThreads: 8
[DEBUG] 2022-09-02 18:56:53.853 [main] NioEventLoop - -Dio.netty.noKeySetOptimization: false
[DEBUG] 2022-09-02 18:56:53.855 [main] NioEventLoop - -Dio.netty.selectorAutoRebuildThreshold: 512
[TRACE] 2022-09-02 18:56:53.878 [main] NioEventLoop - instrumented a special java.util.Set into: sun.nio.ch.WindowsSelectorImpl@36b6964d
[TRACE] 2022-09-02 18:56:53.881 [main] NioEventLoop - instrumented a special java.util.Set into: sun.nio.ch.WindowsSelectorImpl@75201592
[TRACE] 2022-09-02 18:56:53.883 [main] NioEventLoop - instrumented a special java.util.Set into: sun.nio.ch.WindowsSelectorImpl@7726e185
[TRACE] 2022-09-02 18:56:53.885 [main] NioEventLoop - instrumented a special java.util.Set into: sun.nio.ch.WindowsSelectorImpl@aa5455e
[TRACE] 2022-09-02 18:56:53.892 [main] NioEventLoop - instrumented a special java.util.Set into: sun.nio.ch.WindowsSelectorImpl@282308c3
[TRACE] 2022-09-02 18:56:53.894 [main] NioEventLoop - instrumented a special java.util.Set into: sun.nio.ch.WindowsSelectorImpl@5dda14d0
[TRACE] 2022-09-02 18:56:53.897 [main] NioEventLoop - instrumented a special java.util.Set into: sun.nio.ch.WindowsSelectorImpl@1db0ec27
[TRACE] 2022-09-02 18:56:53.900 [main] NioEventLoop - instrumented a special java.util.Set into: sun.nio.ch.WindowsSelectorImpl@3d9fc57a
[DEBUG] 2022-09-02 18:56:53.972 [main] PooledByteBufAllocator - -Dio.netty.allocator.numHeapArenas: 8
[DEBUG] 2022-09-02 18:56:53.973 [main] PooledByteBufAllocator - -Dio.netty.allocator.numDirectArenas: 8
[DEBUG] 2022-09-02 18:56:53.974 [main] PooledByteBufAllocator - -Dio.netty.allocator.pageSize: 8192
[DEBUG] 2022-09-02 18:56:53.974 [main] PooledByteBufAllocator - -Dio.netty.allocator.maxOrder: 9
[DEBUG] 2022-09-02 18:56:53.974 [main] PooledByteBufAllocator - -Dio.netty.allocator.chunkSize: 4194304
[DEBUG] 2022-09-02 18:56:53.975 [main] PooledByteBufAllocator - -Dio.netty.allocator.smallCacheSize: 256
[DEBUG] 2022-09-02 18:56:53.976 [main] PooledByteBufAllocator - -Dio.netty.allocator.normalCacheSize: 64
[DEBUG] 2022-09-02 18:56:53.976 [main] PooledByteBufAllocator - -Dio.netty.allocator.maxCachedBufferCapacity: 32768
[DEBUG] 2022-09-02 18:56:53.976 [main] PooledByteBufAllocator - -Dio.netty.allocator.cacheTrimInterval: 8192
[DEBUG] 2022-09-02 18:56:53.977 [main] PooledByteBufAllocator - -Dio.netty.allocator.cacheTrimIntervalMillis: 0
[DEBUG] 2022-09-02 18:56:53.977 [main] PooledByteBufAllocator - -Dio.netty.allocator.useCacheForAllThreads: false
[DEBUG] 2022-09-02 18:56:53.978 [main] PooledByteBufAllocator - -Dio.netty.allocator.maxCachedByteBuffersPerChunk: 1023
