[DEBUG] 2022-09-06 18:50:38.411 [main] InternalLoggerFactory - Using Log4J2 as the default logging framework
[DEBUG] 2022-09-06 18:50:38.429 [main] ResourceLeakDetector - -Dio.netty.leakDetection.level: simple
[DEBUG] 2022-09-06 18:50:38.429 [main] ResourceLeakDetector - -Dio.netty.leakDetection.targetRecords: 4
[DEBUG] 2022-09-06 18:50:38.433 [main] ResourceLeakDetectorFactory - Loaded default ResourceLeakDetector: io.netty.util.ResourceLeakDetector@21680803
[DEBUG] 2022-09-06 18:50:38.450 [main] PlatformDependent0 - -Dio.netty.noUnsafe: false
[DEBUG] 2022-09-06 18:50:38.451 [main] PlatformDependent0 - Java version: 8
[DEBUG] 2022-09-06 18:50:38.452 [main] PlatformDependent0 - sun.misc.Unsafe.theUnsafe: available
[DEBUG] 2022-09-06 18:50:38.453 [main] PlatformDependent0 - sun.misc.Unsafe.copyMemory: available
[DEBUG] 2022-09-06 18:50:38.505 [main] PlatformDependent0 - sun.misc.Unsafe.storeFence: available
[DEBUG] 2022-09-06 18:50:38.507 [main] PlatformDependent0 - java.nio.Buffer.address: available
[DEBUG] 2022-09-06 18:50:38.508 [main] PlatformDependent0 - direct buffer constructor: available
[DEBUG] 2022-09-06 18:50:38.508 [main] PlatformDependent0 - java.nio.Bits.unaligned: available, true
[DEBUG] 2022-09-06 18:50:38.509 [main] PlatformDependent0 - jdk.internal.misc.Unsafe.allocateUninitializedArray(int): unavailable prior to Java9
[DEBUG] 2022-09-06 18:50:38.509 [main] PlatformDependent0 - java.nio.DirectByteBuffer.<init>(long, int): available
[DEBUG] 2022-09-06 18:50:38.509 [main] PlatformDependent - sun.misc.Unsafe: available
[DEBUG] 2022-09-06 18:50:38.509 [main] PlatformDependent - -Dio.netty.tmpdir: C:\Users\DERANT~1\AppData\Local\Temp (java.io.tmpdir)
[DEBUG] 2022-09-06 18:50:38.510 [main] PlatformDependent - -Dio.netty.bitMode: 64 (sun.arch.data.model)
[DEBUG] 2022-09-06 18:50:38.511 [main] PlatformDependent - Platform: Windows
[DEBUG] 2022-09-06 18:50:38.512 [main] PlatformDependent - -Dio.netty.maxDirectMemory: 3793747968 bytes
[DEBUG] 2022-09-06 18:50:38.513 [main] PlatformDependent - -Dio.netty.uninitializedArrayAllocationThreshold: -1
[DEBUG] 2022-09-06 18:50:38.515 [main] CleanerJava6 - java.nio.ByteBuffer.cleaner(): available
[DEBUG] 2022-09-06 18:50:38.515 [main] PlatformDependent - -Dio.netty.noPreferDirect: false
[DEBUG] 2022-09-06 18:50:38.524 [main] PlatformDependent - org.jctools-core.MpscChunkedArrayQueue: available
[DEBUG] 2022-09-06 18:50:38.543 [main] InternalThreadLocalMap - -Dio.netty.threadLocalMap.stringBuilder.initialSize: 1024
[DEBUG] 2022-09-06 18:50:38.543 [main] InternalThreadLocalMap - -Dio.netty.threadLocalMap.stringBuilder.maxSize: 4096
[DEBUG] 2022-09-06 18:50:38.555 [main] JdkSslContext - Default protocols (JDK): [TLSv1.3, TLSv1.2] 
[DEBUG] 2022-09-06 18:50:38.556 [main] JdkSslContext - Default cipher suites (JDK): [TLS_ECDHE_ECDSA_WITH_AES_256_GCM_SHA384, TLS_ECDHE_ECDSA_WITH_AES_128_GCM_SHA256, TLS_ECDHE_RSA_WITH_AES_128_GCM_SHA256, TLS_ECDHE_RSA_WITH_AES_256_GCM_SHA384, TLS_ECDHE_RSA_WITH_AES_128_CBC_SHA, TLS_ECDHE_RSA_WITH_AES_256_CBC_SHA, TLS_RSA_WITH_AES_128_GCM_SHA256, TLS_RSA_WITH_AES_128_CBC_SHA, TLS_RSA_WITH_AES_256_CBC_SHA, TLS_AES_128_GCM_SHA256, TLS_AES_256_GCM_SHA384]
[DEBUG] 2022-09-06 18:50:38.614 [main] MultithreadEventLoopGroup - -Dio.netty.eventLoopThreads: 8
[DEBUG] 2022-09-06 18:50:38.625 [main] NioEventLoop - -Dio.netty.noKeySetOptimization: false
[DEBUG] 2022-09-06 18:50:38.625 [main] NioEventLoop - -Dio.netty.selectorAutoRebuildThreshold: 512
[TRACE] 2022-09-06 18:50:38.636 [main] NioEventLoop - instrumented a special java.util.Set into: sun.nio.ch.WindowsSelectorImpl@77e80a5e
[TRACE] 2022-09-06 18:50:38.638 [main] NioEventLoop - instrumented a special java.util.Set into: sun.nio.ch.WindowsSelectorImpl@7ea4d397
[TRACE] 2022-09-06 18:50:38.639 [main] NioEventLoop - instrumented a special java.util.Set into: sun.nio.ch.WindowsSelectorImpl@49298ce7
[TRACE] 2022-09-06 18:50:38.641 [main] NioEventLoop - instrumented a special java.util.Set into: sun.nio.ch.WindowsSelectorImpl@253c1256
[TRACE] 2022-09-06 18:50:38.642 [main] NioEventLoop - instrumented a special java.util.Set into: sun.nio.ch.WindowsSelectorImpl@8dfe921
[TRACE] 2022-09-06 18:50:38.643 [main] NioEventLoop - instrumented a special java.util.Set into: sun.nio.ch.WindowsSelectorImpl@503fbbc6
[TRACE] 2022-09-06 18:50:38.644 [main] NioEventLoop - instrumented a special java.util.Set into: sun.nio.ch.WindowsSelectorImpl@55f45b92
[TRACE] 2022-09-06 18:50:38.645 [main] NioEventLoop - instrumented a special java.util.Set into: sun.nio.ch.WindowsSelectorImpl@109f5dd8
[DEBUG] 2022-09-06 18:50:38.666 [main] PooledByteBufAllocator - -Dio.netty.allocator.numHeapArenas: 8
[DEBUG] 2022-09-06 18:50:38.666 [main] PooledByteBufAllocator - -Dio.netty.allocator.numDirectArenas: 8
[DEBUG] 2022-09-06 18:50:38.667 [main] PooledByteBufAllocator - -Dio.netty.allocator.pageSize: 8192
[DEBUG] 2022-09-06 18:50:38.667 [main] PooledByteBufAllocator - -Dio.netty.allocator.maxOrder: 9
[DEBUG] 2022-09-06 18:50:38.667 [main] PooledByteBufAllocator - -Dio.netty.allocator.chunkSize: 4194304
[DEBUG] 2022-09-06 18:50:38.667 [main] PooledByteBufAllocator - -Dio.netty.allocator.smallCacheSize: 256
[DEBUG] 2022-09-06 18:50:38.668 [main] PooledByteBufAllocator - -Dio.netty.allocator.normalCacheSize: 64
[DEBUG] 2022-09-06 18:50:38.668 [main] PooledByteBufAllocator - -Dio.netty.allocator.maxCachedBufferCapacity: 32768
[DEBUG] 2022-09-06 18:50:38.668 [main] PooledByteBufAllocator - -Dio.netty.allocator.cacheTrimInterval: 8192
[DEBUG] 2022-09-06 18:50:38.668 [main] PooledByteBufAllocator - -Dio.netty.allocator.cacheTrimIntervalMillis: 0
[DEBUG] 2022-09-06 18:50:38.668 [main] PooledByteBufAllocator - -Dio.netty.allocator.useCacheForAllThreads: false
[DEBUG] 2022-09-06 18:50:38.669 [main] PooledByteBufAllocator - -Dio.netty.allocator.maxCachedByteBuffersPerChunk: 1023
[DEBUG] 2022-09-06 18:50:38.679 [main] ByteBufUtil - -Dio.netty.allocator.type: pooled
[DEBUG] 2022-09-06 18:50:38.679 [main] ByteBufUtil - -Dio.netty.threadLocalDirectBufferSize: 0
[DEBUG] 2022-09-06 18:50:38.679 [main] ByteBufUtil - -Dio.netty.maxThreadLocalCharBufferSize: 16384
