[TRACE] 2022-09-02 19:16:24.060 [main] XBeanDebug - Resolving type for handle stylesheet5d8bdoctype
[TRACE] 2022-09-02 19:16:24.104 [main] XBeanDebug - Resolving type for handle ctstylesheet4257type
[TRACE] 2022-09-02 19:16:24.113 [main] XBeanDebug - Resolving type for handle ctnumfmtsb58btype
[TRACE] 2022-09-02 19:16:24.118 [main] XBeanDebug - Resolving type for handle ctnumfmt3870type
[TRACE] 2022-09-02 19:16:24.121 [main] XBeanDebug - Resolving type for handle stnumfmtid76fbtype
[TRACE] 2022-09-02 19:16:24.136 [main] XBeanDebug - Resolving type for handle stxstringf179type
[TRACE] 2022-09-02 19:16:24.141 [main] XBeanDebug - Resolving type for handle ctfonts6623type
[TRACE] 2022-09-02 19:16:24.147 [main] XBeanDebug - Resolving type for handle ctfont14d8type
[TRACE] 2022-09-02 19:16:24.165 [main] XBeanDebug - Resolving type for handle ctfills2c6ftype
[TRACE] 2022-09-02 19:16:24.169 [main] XBeanDebug - Resolving type for handle ctfill550ctype
[TRACE] 2022-09-02 19:16:24.189 [main] XBeanDebug - Resolving type for handle ctborders0d66type
[TRACE] 2022-09-02 19:16:24.196 [main] XBeanDebug - Resolving type for handle ctborderf935type
[TRACE] 2022-09-02 19:16:24.202 [main] XBeanDebug - Resolving type for handle ctcellxfs1322type
[TRACE] 2022-09-02 19:16:24.207 [main] XBeanDebug - Resolving type for handle ctxf97f7type
[TRACE] 2022-09-02 19:16:24.213 [main] XBeanDebug - Resolving type for handle ctcellstylexfsa81ftype
[TRACE] 2022-09-02 19:16:24.217 [main] XBeanDebug - Resolving type for handle cttablestyles872ftype
[TRACE] 2022-09-02 19:16:24.225 [main] XBeanDebug - Resolving type for handle sstf81fdoctype
[TRACE] 2022-09-02 19:16:24.231 [main] XBeanDebug - Resolving type for handle ctsst44f3type
[TRACE] 2022-09-02 19:16:24.240 [main] XBeanDebug - Resolving type for handle ctrsta472type
[TRACE] 2022-09-02 19:16:24.281 [main] XBeanDebug - Resolving type for handle workbookec17doctype
[TRACE] 2022-09-02 19:16:24.296 [main] XBeanDebug - Resolving type for handle ctworkbook83c3type
[TRACE] 2022-09-02 19:16:24.315 [main] XBeanDebug - Resolving type for handle ctsheets49fdtype
[TRACE] 2022-09-02 19:16:24.323 [main] XBeanDebug - Resolving type for handle ctsheet4dbetype
[TRACE] 2022-09-02 19:16:24.331 [main] XBeanDebug - Resolving type for handle strelationshipid1e94type
[TRACE] 2022-09-02 19:16:24.335 [main] XBeanDebug - Resolving type for handle worksheetf539doctype
[TRACE] 2022-09-02 19:16:24.349 [main] XBeanDebug - Resolving type for handle ctworksheet530dtype
[TRACE] 2022-09-02 19:16:24.363 [main] XBeanDebug - Resolving type for handle ctsheetdata8408type
[TRACE] 2022-09-02 19:16:24.368 [main] XBeanDebug - Resolving type for handle ctrowdd39type
[TRACE] 2022-09-02 19:16:24.388 [main] XBeanDebug - Resolving type for handle ctcell842btype
[TRACE] 2022-09-02 19:16:24.404 [main] XBeanDebug - Resolving type for handle stcellrefe4e0type
[TRACE] 2022-09-02 19:16:24.424 [main] XBeanDebug - Resolving type for handle ctcols627ctype
[TRACE] 2022-09-02 19:16:24.432 [main] XBeanDebug - Resolving type for handle ctcola95ftype
[TRACE] 2022-09-02 19:16:24.470 [main] XBeanDebug - Resolving type for handle stcelltypebf95type
