[TRACE] 2022-07-24 16:48:06.079 [main] XBeanDebug - Resolving type for handle stylesheet5d8bdoctype
[TRACE] 2022-07-24 16:48:06.119 [main] XBeanDebug - Resolving type for handle ctstylesheet4257type
[TRACE] 2022-07-24 16:48:06.124 [main] XBeanDebug - Resolving type for handle ctnumfmtsb58btype
[TRACE] 2022-07-24 16:48:06.127 [main] XBeanDebug - Resolving type for handle ctnumfmt3870type
[TRACE] 2022-07-24 16:48:06.129 [main] XBeanDebug - Resolving type for handle stnumfmtid76fbtype
[TRACE] 2022-07-24 16:48:06.137 [main] XBeanDebug - Resolving type for handle stxstringf179type
[TRACE] 2022-07-24 16:48:06.140 [main] XBeanDebug - Resolving type for handle ctfonts6623type
[TRACE] 2022-07-24 16:48:06.143 [main] XBeanDebug - Resolving type for handle ctfont14d8type
[TRACE] 2022-07-24 16:48:06.151 [main] XBeanDebug - Resolving type for handle ctfills2c6ftype
[TRACE] 2022-07-24 16:48:06.155 [main] XBeanDebug - Resolving type for handle ctfill550ctype
[TRACE] 2022-07-24 16:48:06.158 [main] XBeanDebug - Resolving type for handle ctborders0d66type
[TRACE] 2022-07-24 16:48:06.161 [main] XBeanDebug - Resolving type for handle ctborderf935type
[TRACE] 2022-07-24 16:48:06.165 [main] XBeanDebug - Resolving type for handle ctcellxfs1322type
[TRACE] 2022-07-24 16:48:06.169 [main] XBeanDebug - Resolving type for handle ctxf97f7type
[TRACE] 2022-07-24 16:48:06.172 [main] XBeanDebug - Resolving type for handle ctcellstylexfsa81ftype
[TRACE] 2022-07-24 16:48:06.176 [main] XBeanDebug - Resolving type for handle cttablestyles872ftype
[TRACE] 2022-07-24 16:48:06.180 [main] XBeanDebug - Resolving type for handle sstf81fdoctype
[TRACE] 2022-07-24 16:48:06.184 [main] XBeanDebug - Resolving type for handle ctsst44f3type
[TRACE] 2022-07-24 16:48:06.189 [main] XBeanDebug - Resolving type for handle ctrsta472type
[TRACE] 2022-07-24 16:48:06.213 [main] XBeanDebug - Resolving type for handle workbookec17doctype
[TRACE] 2022-07-24 16:48:06.218 [main] XBeanDebug - Resolving type for handle ctworkbook83c3type
[TRACE] 2022-07-24 16:48:06.224 [main] XBeanDebug - Resolving type for handle ctsheets49fdtype
[TRACE] 2022-07-24 16:48:06.227 [main] XBeanDebug - Resolving type for handle ctsheet4dbetype
[TRACE] 2022-07-24 16:48:06.230 [main] XBeanDebug - Resolving type for handle strelationshipid1e94type
[TRACE] 2022-07-24 16:48:06.233 [main] XBeanDebug - Resolving type for handle worksheetf539doctype
[TRACE] 2022-07-24 16:48:06.240 [main] XBeanDebug - Resolving type for handle ctworksheet530dtype
[TRACE] 2022-07-24 16:48:06.250 [main] XBeanDebug - Resolving type for handle ctsheetdata8408type
[TRACE] 2022-07-24 16:48:06.253 [main] XBeanDebug - Resolving type for handle ctrowdd39type
[TRACE] 2022-07-24 16:48:06.259 [main] XBeanDebug - Resolving type for handle ctcell842btype
[TRACE] 2022-07-24 16:48:06.268 [main] XBeanDebug - Resolving type for handle stcellrefe4e0type
[TRACE] 2022-07-24 16:48:06.283 [main] XBeanDebug - Resolving type for handle ctcols627ctype
[TRACE] 2022-07-24 16:48:06.292 [main] XBeanDebug - Resolving type for handle ctcola95ftype
[TRACE] 2022-07-24 16:48:06.326 [main] XBeanDebug - Resolving type for handle stcelltypebf95type
