[TRACE] 2022-07-31 00:44:27.007 [main] NioEventLoop - instrumented a special java.util.Set into: sun.nio.ch.WindowsSelectorImpl@7baf1f5a
[TRACE] 2022-07-31 00:44:27.013 [main] NioEventLoop - instrumented a special java.util.Set into: sun.nio.ch.WindowsSelectorImpl@65e21ce3
[TRACE] 2022-07-31 00:44:27.014 [main] NioEventLoop - instrumented a special java.util.Set into: sun.nio.ch.WindowsSelectorImpl@6c3659be
[TRACE] 2022-07-31 00:44:27.016 [main] NioEventLoop - instrumented a special java.util.Set into: sun.nio.ch.WindowsSelectorImpl@522bf64e
[TRACE] 2022-07-31 00:44:27.017 [main] NioEventLoop - instrumented a special java.util.Set into: sun.nio.ch.WindowsSelectorImpl@2aff9dff
[TRACE] 2022-07-31 00:44:27.020 [main] NioEventLoop - instrumented a special java.util.Set into: sun.nio.ch.WindowsSelectorImpl@5f0f9947
[TRACE] 2022-07-31 00:44:27.021 [main] NioEventLoop - instrumented a special java.util.Set into: sun.nio.ch.WindowsSelectorImpl@1aad0b1
[TRACE] 2022-07-31 00:44:27.022 [main] NioEventLoop - instrumented a special java.util.Set into: sun.nio.ch.WindowsSelectorImpl@c3edf4c
[TRACE] 2022-07-31 00:44:27.023 [main] NioEventLoop - instrumented a special java.util.Set into: sun.nio.ch.WindowsSelectorImpl@5af8bb51
[TRACE] 2022-07-31 00:44:27.025 [main] NioEventLoop - instrumented a special java.util.Set into: sun.nio.ch.WindowsSelectorImpl@799ed4e8
[TRACE] 2022-07-31 00:44:27.026 [main] NioEventLoop - instrumented a special java.util.Set into: sun.nio.ch.WindowsSelectorImpl@2e66bc32
[TRACE] 2022-07-31 00:44:27.027 [main] NioEventLoop - instrumented a special java.util.Set into: sun.nio.ch.WindowsSelectorImpl@54d8c20d
[TRACE] 2022-07-31 00:44:27.028 [main] NioEventLoop - instrumented a special java.util.Set into: sun.nio.ch.WindowsSelectorImpl@4b65d9f4
[TRACE] 2022-07-31 00:44:27.030 [main] NioEventLoop - instrumented a special java.util.Set into: sun.nio.ch.WindowsSelectorImpl@44536de4
[TRACE] 2022-07-31 00:44:27.030 [main] NioEventLoop - instrumented a special java.util.Set into: sun.nio.ch.WindowsSelectorImpl@5fcfde70
[TRACE] 2022-07-31 00:44:27.032 [main] NioEventLoop - instrumented a special java.util.Set into: sun.nio.ch.WindowsSelectorImpl@4d95a72e
[DEBUG] 2022-07-31 00:44:27.053 [main] PooledByteBufAllocator - -Dio.netty.allocator.numHeapArenas: 16
[DEBUG] 2022-07-31 00:44:27.053 [main] PooledByteBufAllocator - -Dio.netty.allocator.numDirectArenas: 16
[DEBUG] 2022-07-31 00:44:27.053 [main] PooledByteBufAllocator - -Dio.netty.allocator.pageSize: 8192
[DEBUG] 2022-07-31 00:44:27.053 [main] PooledByteBufAllocator - -Dio.netty.allocator.maxOrder: 9
[DEBUG] 2022-07-31 00:44:27.054 [main] PooledByteBufAllocator - -Dio.netty.allocator.chunkSize: 4194304
[DEBUG] 2022-07-31 00:44:27.054 [main] PooledByteBufAllocator - -Dio.netty.allocator.smallCacheSize: 256
[DEBUG] 2022-07-31 00:44:27.054 [main] PooledByteBufAllocator - -Dio.netty.allocator.normalCacheSize: 64
[DEBUG] 2022-07-31 00:44:27.054 [main] PooledByteBufAllocator - -Dio.netty.allocator.maxCachedBufferCapacity: 32768
[DEBUG] 2022-07-31 00:44:27.054 [main] PooledByteBufAllocator - -Dio.netty.allocator.cacheTrimInterval: 8192
[DEBUG] 2022-07-31 00:44:27.055 [main] PooledByteBufAllocator - -Dio.netty.allocator.cacheTrimIntervalMillis: 0
[DEBUG] 2022-07-31 00:44:27.055 [main] PooledByteBufAllocator - -Dio.netty.allocator.useCacheForAllThreads: false
[DEBUG] 2022-07-31 00:44:27.055 [main] PooledByteBufAllocator - -Dio.netty.allocator.maxCachedByteBuffersPerChunk: 1023
[DEBUG] 2022-07-31 00:44:27.065 [main] ByteBufUtil - -Dio.netty.allocator.type: pooled
[DEBUG] 2022-07-31 00:44:27.065 [main] ByteBufUtil - -Dio.netty.threadLocalDirectBufferSize: 0
[DEBUG] 2022-07-31 00:44:27.065 [main] ByteBufUtil - -Dio.netty.maxThreadLocalCharBufferSize: 16384
[DEBUG] 2022-07-31 00:44:27.787 [Forwarding newSession on session null to remote] DefaultChannelId - -Dio.netty.processId: 45560 (auto-detected)
[DEBUG] 2022-07-31 00:44:27.789 [Forwarding newSession on session null to remote] NetUtil - -Djava.net.preferIPv4Stack: false
[DEBUG] 2022-07-31 00:44:27.789 [Forwarding newSession on session null to remote] NetUtil - -Djava.net.preferIPv6Addresses: false
[DEBUG] 2022-07-31 00:44:27.802 [Forwarding newSession on session null to remote] NetUtilInitializations - Loopback interface: lo (Software Loopback Interface 1, 127.0.0.1)
[DEBUG] 2022-07-31 00:44:27.803 [Forwarding newSession on session null to remote] NetUtil - Failed to get SOMAXCONN from sysctl and file \proc\sys\net\core\somaxconn. Default: 200
[DEBUG] 2022-07-31 00:44:27.840 [Forwarding newSession on session null to remote] DefaultChannelId - -Dio.netty.machineId: 4c:eb:bd:ff:fe:74:38:d1 (auto-detected)
[DEBUG] 2022-07-31 00:44:27.877 [AsyncHttpClient-1-2] AbstractByteBuf - -Dio.netty.buffer.checkAccessible: true
[DEBUG] 2022-07-31 00:44:27.877 [AsyncHttpClient-1-2] AbstractByteBuf - -Dio.netty.buffer.checkBounds: true
[DEBUG] 2022-07-31 00:44:27.878 [AsyncHttpClient-1-2] ResourceLeakDetectorFactory - Loaded default ResourceLeakDetector: io.netty.util.ResourceLeakDetector@19af4092
[DEBUG] 2022-07-31 00:44:27.898 [AsyncHttpClient-1-2] Recycler - -Dio.netty.recycler.maxCapacityPerThread: 4096
[DEBUG] 2022-07-31 00:44:27.898 [AsyncHttpClient-1-2] Recycler - -Dio.netty.recycler.ratio: 8
[DEBUG] 2022-07-31 00:44:27.899 [AsyncHttpClient-1-2] Recycler - -Dio.netty.recycler.chunkSize: 32
[DEBUG] 2022-07-31 00:44:27.899 [AsyncHttpClient-1-2] Recycler - -Dio.netty.recycler.blocking: false
