[TRACE] 2022-07-30 20:47:12.165 [main] XBeanDebug - Loading type system org.apache.poi.schemas.ooxml.system.ooxml
[TRACE] 2022-07-30 20:47:12.174 [main] XBeanDebug - Loading type system org.apache.xmlbeans.metadata.system.sXMLCONFIG
[TRACE] 2022-07-30 20:47:12.176 [main] XBeanDebug - Loading type system org.apache.xmlbeans.metadata.system.sXMLLANG
[TRACE] 2022-07-30 20:47:12.178 [main] XBeanDebug - Loading type system org.apache.xmlbeans.metadata.system.sXMLSCHEMA
[TRACE] 2022-07-30 20:47:12.179 [main] XBeanDebug - Loading type system org.apache.xmlbeans.metadata.system.sXMLTOOLS
[TRACE] 2022-07-30 20:47:12.181 [main] XBeanDebug - Reading unresolved handles for type system org.apache.xmlbeans.metadata.system.sXMLTOOLS
[TRACE] 2022-07-30 20:47:12.206 [main] XBeanDebug - Finished loading type system org.apache.xmlbeans.metadata.system.sXMLTOOLS
[TRACE] 2022-07-30 20:47:12.207 [main] XBeanDebug - Reading unresolved handles for type system org.apache.xmlbeans.metadata.system.sXMLSCHEMA
[TRACE] 2022-07-30 20:47:12.213 [main] XBeanDebug - Finished loading type system org.apache.xmlbeans.metadata.system.sXMLSCHEMA
[TRACE] 2022-07-30 20:47:12.214 [main] XBeanDebug - Reading unresolved handles for type system org.apache.xmlbeans.metadata.system.sXMLLANG
[TRACE] 2022-07-30 20:47:12.216 [main] XBeanDebug - Finished loading type system org.apache.xmlbeans.metadata.system.sXMLLANG
[TRACE] 2022-07-30 20:47:12.217 [main] XBeanDebug - Reading unresolved handles for type system org.apache.xmlbeans.metadata.system.sXMLCONFIG
[TRACE] 2022-07-30 20:47:12.219 [main] XBeanDebug - Finished loading type system org.apache.xmlbeans.metadata.system.sXMLCONFIG
[TRACE] 2022-07-30 20:47:12.220 [main] XBeanDebug - Reading unresolved handles for type system org.apache.poi.schemas.ooxml.system.ooxml
[TRACE] 2022-07-30 20:47:12.277 [main] XBeanDebug - Finished loading type system org.apache.poi.schemas.ooxml.system.ooxml
[TRACE] 2022-07-30 20:47:12.278 [main] XBeanDebug - Resolving type for handle themefd26doctype
[TRACE] 2022-07-30 20:47:12.348 [main] XBeanDebug - Resolving type for handle stylesheet5d8bdoctype
[TRACE] 2022-07-30 20:47:12.370 [main] XBeanDebug - Resolving type for handle ctstylesheet4257type
[TRACE] 2022-07-30 20:47:12.377 [main] XBeanDebug - Resolving type for handle ctnumfmtsb58btype
[TRACE] 2022-07-30 20:47:12.381 [main] XBeanDebug - Resolving type for handle ctnumfmt3870type
[TRACE] 2022-07-30 20:47:12.383 [main] XBeanDebug - Resolving type for handle stnumfmtid76fbtype
[TRACE] 2022-07-30 20:47:12.392 [main] XBeanDebug - Resolving type for handle stxstringf179type
[TRACE] 2022-07-30 20:47:12.395 [main] XBeanDebug - Resolving type for handle ctfonts6623type
[TRACE] 2022-07-30 20:47:12.398 [main] XBeanDebug - Resolving type for handle ctfont14d8type
[TRACE] 2022-07-30 20:47:12.404 [main] XBeanDebug - Resolving type for handle ctfills2c6ftype
[TRACE] 2022-07-30 20:47:12.407 [main] XBeanDebug - Resolving type for handle ctfill550ctype
[TRACE] 2022-07-30 20:47:12.410 [main] XBeanDebug - Resolving type for handle ctborders0d66type
[TRACE] 2022-07-30 20:47:12.413 [main] XBeanDebug - Resolving type for handle ctborderf935type
[TRACE] 2022-07-30 20:47:12.416 [main] XBeanDebug - Resolving type for handle ctcellxfs1322type
[TRACE] 2022-07-30 20:47:12.419 [main] XBeanDebug - Resolving type for handle ctxf97f7type
[TRACE] 2022-07-30 20:47:12.422 [main] XBeanDebug - Resolving type for handle ctcellstylexfsa81ftype
[TRACE] 2022-07-30 20:47:12.424 [main] XBeanDebug - Resolving type for handle cttablestyles872ftype
[TRACE] 2022-07-30 20:47:12.427 [main] XBeanDebug - Resolving type for handle sstf81fdoctype
[TRACE] 2022-07-30 20:47:12.431 [main] XBeanDebug - Resolving type for handle ctsst44f3type
[TRACE] 2022-07-30 20:47:12.435 [main] XBeanDebug - Resolving type for handle ctrsta472type
[TRACE] 2022-07-30 20:47:12.450 [main] XBeanDebug - Resolving type for handle workbookec17doctype
[TRACE] 2022-07-30 20:47:12.454 [main] XBeanDebug - Resolving type for handle ctworkbook83c3type
[TRACE] 2022-07-30 20:47:12.458 [main] XBeanDebug - Resolving type for handle ctsheets49fdtype
[TRACE] 2022-07-30 20:47:12.461 [main] XBeanDebug - Resolving type for handle ctsheet4dbetype
[TRACE] 2022-07-30 20:47:12.464 [main] XBeanDebug - Resolving type for handle strelationshipid1e94type
[TRACE] 2022-07-30 20:47:12.466 [main] XBeanDebug - Resolving type for handle worksheetf539doctype
[TRACE] 2022-07-30 20:47:12.471 [main] XBeanDebug - Resolving type for handle ctworksheet530dtype
[TRACE] 2022-07-30 20:47:12.478 [main] XBeanDebug - Resolving type for handle ctsheetdata8408type
[TRACE] 2022-07-30 20:47:12.481 [main] XBeanDebug - Resolving type for handle ctrowdd39type
[TRACE] 2022-07-30 20:47:12.485 [main] XBeanDebug - Resolving type for handle ctcell842btype
[TRACE] 2022-07-30 20:47:12.491 [main] XBeanDebug - Resolving type for handle stcellrefe4e0type
[TRACE] 2022-07-30 20:47:12.502 [main] XBeanDebug - Resolving type for handle ctcols627ctype
[TRACE] 2022-07-30 20:47:12.509 [main] XBeanDebug - Resolving type for handle ctcola95ftype
[TRACE] 2022-07-30 20:47:12.536 [main] XBeanDebug - Resolving type for handle stcelltypebf95type
