[TRACE] 2022-07-24 16:07:18.058 [main] XBeanDebug - Resolving type for handle stylesheet5d8bdoctype
[TRACE] 2022-07-24 16:07:18.116 [main] XBeanDebug - Resolving type for handle ctstylesheet4257type
[TRACE] 2022-07-24 16:07:18.122 [main] XBeanDebug - Resolving type for handle ctnumfmtsb58btype
[TRACE] 2022-07-24 16:07:18.126 [main] XBeanDebug - Resolving type for handle ctnumfmt3870type
[TRACE] 2022-07-24 16:07:18.129 [main] XBeanDebug - Resolving type for handle stnumfmtid76fbtype
[TRACE] 2022-07-24 16:07:18.137 [main] XBeanDebug - Resolving type for handle stxstringf179type
[TRACE] 2022-07-24 16:07:18.140 [main] XBeanDebug - Resolving type for handle ctfonts6623type
[TRACE] 2022-07-24 16:07:18.143 [main] XBeanDebug - Resolving type for handle ctfont14d8type
[TRACE] 2022-07-24 16:07:18.155 [main] XBeanDebug - Resolving type for handle ctfills2c6ftype
[TRACE] 2022-07-24 16:07:18.161 [main] XBeanDebug - Resolving type for handle ctfill550ctype
[TRACE] 2022-07-24 16:07:18.165 [main] XBeanDebug - Resolving type for handle ctborders0d66type
[TRACE] 2022-07-24 16:07:18.168 [main] XBeanDebug - Resolving type for handle ctborderf935type
[TRACE] 2022-07-24 16:07:18.174 [main] XBeanDebug - Resolving type for handle ctcellxfs1322type
[TRACE] 2022-07-24 16:07:18.178 [main] XBeanDebug - Resolving type for handle ctxf97f7type
[TRACE] 2022-07-24 16:07:18.190 [main] XBeanDebug - Resolving type for handle ctcellstylexfsa81ftype
[TRACE] 2022-07-24 16:07:18.196 [main] XBeanDebug - Resolving type for handle cttablestyles872ftype
[TRACE] 2022-07-24 16:07:18.200 [main] XBeanDebug - Resolving type for handle sstf81fdoctype
[TRACE] 2022-07-24 16:07:18.210 [main] XBeanDebug - Resolving type for handle ctsst44f3type
[TRACE] 2022-07-24 16:07:18.215 [main] XBeanDebug - Resolving type for handle ctrsta472type
[TRACE] 2022-07-24 16:07:18.253 [main] XBeanDebug - Resolving type for handle workbookec17doctype
[TRACE] 2022-07-24 16:07:18.273 [main] XBeanDebug - Resolving type for handle ctworkbook83c3type
[TRACE] 2022-07-24 16:07:18.278 [main] XBeanDebug - Resolving type for handle ctsheets49fdtype
[TRACE] 2022-07-24 16:07:18.282 [main] XBeanDebug - Resolving type for handle ctsheet4dbetype
[TRACE] 2022-07-24 16:07:18.285 [main] XBeanDebug - Resolving type for handle strelationshipid1e94type
[TRACE] 2022-07-24 16:07:18.288 [main] XBeanDebug - Resolving type for handle worksheetf539doctype
[TRACE] 2022-07-24 16:07:18.295 [main] XBeanDebug - Resolving type for handle ctworksheet530dtype
[TRACE] 2022-07-24 16:07:18.304 [main] XBeanDebug - Resolving type for handle ctsheetdata8408type
[TRACE] 2022-07-24 16:07:18.307 [main] XBeanDebug - Resolving type for handle ctrowdd39type
[TRACE] 2022-07-24 16:07:18.318 [main] XBeanDebug - Resolving type for handle ctcell842btype
[TRACE] 2022-07-24 16:07:18.326 [main] XBeanDebug - Resolving type for handle stcellrefe4e0type
[TRACE] 2022-07-24 16:07:18.338 [main] XBeanDebug - Resolving type for handle ctcols627ctype
[TRACE] 2022-07-24 16:07:18.345 [main] XBeanDebug - Resolving type for handle ctcola95ftype
[TRACE] 2022-07-24 16:07:18.378 [main] XBeanDebug - Resolving type for handle stcelltypebf95type
