[DEBUG] 2022-07-24 16:34:08.272 [main] PackageRelationshipCollection - Parsing relationship: /xl/_rels/workbook.xml.rels
[DEBUG] 2022-07-24 16:34:08.342 [main] PackageRelationshipCollection - Parsing relationship: /_rels/.rels
[TRACE] 2022-07-24 16:34:08.556 [main] XBeanDebug - Loading type system org.apache.poi.schemas.ooxml.system.ooxml
[TRACE] 2022-07-24 16:34:08.560 [main] XBeanDebug - Loading type system org.apache.xmlbeans.metadata.system.sXMLCONFIG
[TRACE] 2022-07-24 16:34:08.561 [main] XBeanDebug - Loading type system org.apache.xmlbeans.metadata.system.sXMLLANG
[TRACE] 2022-07-24 16:34:08.563 [main] XBeanDebug - Loading type system org.apache.xmlbeans.metadata.system.sXMLSCHEMA
[TRACE] 2022-07-24 16:34:08.565 [main] XBeanDebug - Loading type system org.apache.xmlbeans.metadata.system.sXMLTOOLS
[TRACE] 2022-07-24 16:34:08.567 [main] XBeanDebug - Reading unresolved handles for type system org.apache.xmlbeans.metadata.system.sXMLTOOLS
[TRACE] 2022-07-24 16:34:08.583 [main] XBeanDebug - Finished loading type system org.apache.xmlbeans.metadata.system.sXMLTOOLS
[TRACE] 2022-07-24 16:34:08.584 [main] XBeanDebug - Reading unresolved handles for type system org.apache.xmlbeans.metadata.system.sXMLSCHEMA
[TRACE] 2022-07-24 16:34:08.592 [main] XBeanDebug - Finished loading type system org.apache.xmlbeans.metadata.system.sXMLSCHEMA
[TRACE] 2022-07-24 16:34:08.593 [main] XBeanDebug - Reading unresolved handles for type system org.apache.xmlbeans.metadata.system.sXMLLANG
[TRACE] 2022-07-24 16:34:08.595 [main] XBeanDebug - Finished loading type system org.apache.xmlbeans.metadata.system.sXMLLANG
[TRACE] 2022-07-24 16:34:08.597 [main] XBeanDebug - Reading unresolved handles for type system org.apache.xmlbeans.metadata.system.sXMLCONFIG
[TRACE] 2022-07-24 16:34:08.599 [main] XBeanDebug - Finished loading type system org.apache.xmlbeans.metadata.system.sXMLCONFIG
[TRACE] 2022-07-24 16:34:08.601 [main] XBeanDebug - Reading unresolved handles for type system org.apache.poi.schemas.ooxml.system.ooxml
[TRACE] 2022-07-24 16:34:08.683 [main] XBeanDebug - Finished loading type system org.apache.poi.schemas.ooxml.system.ooxml
[TRACE] 2022-07-24 16:34:08.685 [main] XBeanDebug - Resolving type for handle themefd26doctype
[TRACE] 2022-07-24 16:34:08.737 [main] XBeanDebug - Resolving type for handle stylesheet5d8bdoctype
[TRACE] 2022-07-24 16:34:08.764 [main] XBeanDebug - Resolving type for handle ctstylesheet4257type
[TRACE] 2022-07-24 16:34:08.770 [main] XBeanDebug - Resolving type for handle ctnumfmtsb58btype
[TRACE] 2022-07-24 16:34:08.773 [main] XBeanDebug - Resolving type for handle ctnumfmt3870type
[TRACE] 2022-07-24 16:34:08.775 [main] XBeanDebug - Resolving type for handle stnumfmtid76fbtype
[TRACE] 2022-07-24 16:34:08.781 [main] XBeanDebug - Resolving type for handle stxstringf179type
[TRACE] 2022-07-24 16:34:08.785 [main] XBeanDebug - Resolving type for handle ctfonts6623type
[TRACE] 2022-07-24 16:34:08.789 [main] XBeanDebug - Resolving type for handle ctfont14d8type
[TRACE] 2022-07-24 16:34:08.798 [main] XBeanDebug - Resolving type for handle ctfills2c6ftype
[TRACE] 2022-07-24 16:34:08.802 [main] XBeanDebug - Resolving type for handle ctfill550ctype
[TRACE] 2022-07-24 16:34:08.805 [main] XBeanDebug - Resolving type for handle ctborders0d66type
[TRACE] 2022-07-24 16:34:08.808 [main] XBeanDebug - Resolving type for handle ctborderf935type
[TRACE] 2022-07-24 16:34:08.811 [main] XBeanDebug - Resolving type for handle ctcellxfs1322type
[TRACE] 2022-07-24 16:34:08.815 [main] XBeanDebug - Resolving type for handle ctxf97f7type
[TRACE] 2022-07-24 16:34:08.819 [main] XBeanDebug - Resolving type for handle ctcellstylexfsa81ftype
[TRACE] 2022-07-24 16:34:08.823 [main] XBeanDebug - Resolving type for handle cttablestyles872ftype
[TRACE] 2022-07-24 16:34:08.826 [main] XBeanDebug - Resolving type for handle sstf81fdoctype
[TRACE] 2022-07-24 16:34:08.838 [main] XBeanDebug - Resolving type for handle ctsst44f3type
[TRACE] 2022-07-24 16:34:08.841 [main] XBeanDebug - Resolving type for handle ctrsta472type
[TRACE] 2022-07-24 16:34:08.874 [main] XBeanDebug - Resolving type for handle workbookec17doctype
[TRACE] 2022-07-24 16:34:08.885 [main] XBeanDebug - Resolving type for handle ctworkbook83c3type
[TRACE] 2022-07-24 16:34:08.891 [main] XBeanDebug - Resolving type for handle ctsheets49fdtype
[TRACE] 2022-07-24 16:34:08.894 [main] XBeanDebug - Resolving type for handle ctsheet4dbetype
[TRACE] 2022-07-24 16:34:08.896 [main] XBeanDebug - Resolving type for handle strelationshipid1e94type
[TRACE] 2022-07-24 16:34:08.900 [main] XBeanDebug - Resolving type for handle worksheetf539doctype
[TRACE] 2022-07-24 16:34:08.914 [main] XBeanDebug - Resolving type for handle ctworksheet530dtype
[TRACE] 2022-07-24 16:34:08.927 [main] XBeanDebug - Resolving type for handle ctsheetdata8408type
[TRACE] 2022-07-24 16:34:08.930 [main] XBeanDebug - Resolving type for handle ctrowdd39type
[TRACE] 2022-07-24 16:34:08.935 [main] XBeanDebug - Resolving type for handle ctcell842btype
[TRACE] 2022-07-24 16:34:08.943 [main] XBeanDebug - Resolving type for handle stcellrefe4e0type
[TRACE] 2022-07-24 16:34:08.953 [main] XBeanDebug - Resolving type for handle ctcols627ctype
[TRACE] 2022-07-24 16:34:08.960 [main] XBeanDebug - Resolving type for handle ctcola95ftype
[TRACE] 2022-07-24 16:34:08.981 [main] XBeanDebug - Resolving type for handle stcelltypebf95type
