[DEBUG] 2022-09-02 18:59:03.690 [main] InternalLoggerFactory - Using Log4J2 as the default logging framework
[DEBUG] 2022-09-02 18:59:03.723 [main] ResourceLeakDetector - -Dio.netty.leakDetection.level: simple
[DEBUG] 2022-09-02 18:59:03.724 [main] ResourceLeakDetector - -Dio.netty.leakDetection.targetRecords: 4
[DEBUG] 2022-09-02 18:59:03.733 [main] ResourceLeakDetectorFactory - Loaded default ResourceLeakDetector: io.netty.util.ResourceLeakDetector@5e8f9e2d
[DEBUG] 2022-09-02 18:59:03.773 [main] PlatformDependent0 - -Dio.netty.noUnsafe: false
[DEBUG] 2022-09-02 18:59:03.774 [main] PlatformDependent0 - Java version: 8
[DEBUG] 2022-09-02 18:59:03.775 [main] PlatformDependent0 - sun.misc.Unsafe.theUnsafe: available
[DEBUG] 2022-09-02 18:59:03.777 [main] PlatformDependent0 - sun.misc.Unsafe.copyMemory: available
[DEBUG] 2022-09-02 18:59:03.779 [main] PlatformDependent0 - sun.misc.Unsafe.storeFence: available
[DEBUG] 2022-09-02 18:59:03.780 [main] PlatformDependent0 - java.nio.Buffer.address: available
[DEBUG] 2022-09-02 18:59:03.781 [main] PlatformDependent0 - direct buffer constructor: available
[DEBUG] 2022-09-02 18:59:03.783 [main] PlatformDependent0 - java.nio.Bits.unaligned: available, true
[DEBUG] 2022-09-02 18:59:03.783 [main] PlatformDependent0 - jdk.internal.misc.Unsafe.allocateUninitializedArray(int): unavailable prior to Java9
[DEBUG] 2022-09-02 18:59:03.784 [main] PlatformDependent0 - java.nio.DirectByteBuffer.<init>(long, int): available
[DEBUG] 2022-09-02 18:59:03.784 [main] PlatformDependent - sun.misc.Unsafe: available
[DEBUG] 2022-09-02 18:59:03.788 [main] PlatformDependent - -Dio.netty.tmpdir: C:\Users\DERANT~1\AppData\Local\Temp (java.io.tmpdir)
[DEBUG] 2022-09-02 18:59:03.789 [main] PlatformDependent - -Dio.netty.bitMode: 64 (sun.arch.data.model)
[DEBUG] 2022-09-02 18:59:03.790 [main] PlatformDependent - Platform: Windows
[DEBUG] 2022-09-02 18:59:03.792 [main] PlatformDependent - -Dio.netty.maxDirectMemory: 3793747968 bytes
[DEBUG] 2022-09-02 18:59:03.792 [main] PlatformDependent - -Dio.netty.uninitializedArrayAllocationThreshold: -1
[DEBUG] 2022-09-02 18:59:03.794 [main] CleanerJava6 - java.nio.ByteBuffer.cleaner(): available
[DEBUG] 2022-09-02 18:59:03.795 [main] PlatformDependent - -Dio.netty.noPreferDirect: false
[DEBUG] 2022-09-02 18:59:03.812 [main] PlatformDependent - org.jctools-core.MpscChunkedArrayQueue: available
[DEBUG] 2022-09-02 18:59:03.844 [main] InternalThreadLocalMap - -Dio.netty.threadLocalMap.stringBuilder.initialSize: 1024
[DEBUG] 2022-09-02 18:59:03.844 [main] InternalThreadLocalMap - -Dio.netty.threadLocalMap.stringBuilder.maxSize: 4096
[DEBUG] 2022-09-02 18:59:03.890 [main] JdkSslContext - Default protocols (JDK): [TLSv1.3, TLSv1.2] 
[DEBUG] 2022-09-02 18:59:03.891 [main] JdkSslContext - Default cipher suites (JDK): [TLS_ECDHE_ECDSA_WITH_AES_256_GCM_SHA384, TLS_ECDHE_ECDSA_WITH_AES_128_GCM_SHA256, TLS_ECDHE_RSA_WITH_AES_128_GCM_SHA256, TLS_ECDHE_RSA_WITH_AES_256_GCM_SHA384, TLS_ECDHE_RSA_WITH_AES_128_CBC_SHA, TLS_ECDHE_RSA_WITH_AES_256_CBC_SHA, TLS_RSA_WITH_AES_128_GCM_SHA256, TLS_RSA_WITH_AES_128_CBC_SHA, TLS_RSA_WITH_AES_256_CBC_SHA, TLS_AES_128_GCM_SHA256, TLS_AES_256_GCM_SHA384]
[DEBUG] 2022-09-02 18:59:03.960 [main] MultithreadEventLoopGroup - -Dio.netty.eventLoopThreads: 8
[DEBUG] 2022-09-02 18:59:03.990 [main] NioEventLoop - -Dio.netty.noKeySetOptimization: false
[DEBUG] 2022-09-02 18:59:03.991 [main] NioEventLoop - -Dio.netty.selectorAutoRebuildThreshold: 512
