[DEBUG] 2022-09-02 18:58:03.488 [main] InternalLoggerFactory - Using Log4J2 as the default logging framework
[DEBUG] 2022-09-02 18:58:03.518 [main] ResourceLeakDetector - -Dio.netty.leakDetection.level: simple
[DEBUG] 2022-09-02 18:58:03.518 [main] ResourceLeakDetector - -Dio.netty.leakDetection.targetRecords: 4
[DEBUG] 2022-09-02 18:58:03.524 [main] ResourceLeakDetectorFactory - Loaded default ResourceLeakDetector: io.netty.util.ResourceLeakDetector@aec50a1
[DEBUG] 2022-09-02 18:58:03.563 [main] PlatformDependent0 - -Dio.netty.noUnsafe: false
[DEBUG] 2022-09-02 18:58:03.564 [main] PlatformDependent0 - Java version: 8
[DEBUG] 2022-09-02 18:58:03.568 [main] PlatformDependent0 - sun.misc.Unsafe.theUnsafe: available
[DEBUG] 2022-09-02 18:58:03.574 [main] PlatformDependent0 - sun.misc.Unsafe.copyMemory: available
[DEBUG] 2022-09-02 18:58:03.576 [main] PlatformDependent0 - sun.misc.Unsafe.storeFence: available
[DEBUG] 2022-09-02 18:58:03.578 [main] PlatformDependent0 - java.nio.Buffer.address: available
[DEBUG] 2022-09-02 18:58:03.579 [main] PlatformDependent0 - direct buffer constructor: available
[DEBUG] 2022-09-02 18:58:03.580 [main] PlatformDependent0 - java.nio.Bits.unaligned: available, true
[DEBUG] 2022-09-02 18:58:03.581 [main] PlatformDependent0 - jdk.internal.misc.Unsafe.allocateUninitializedArray(int): unavailable prior to Java9
[DEBUG] 2022-09-02 18:58:03.581 [main] PlatformDependent0 - java.nio.DirectByteBuffer.<init>(long, int): available
[DEBUG] 2022-09-02 18:58:03.582 [main] PlatformDependent - sun.misc.Unsafe: available
[DEBUG] 2022-09-02 18:58:03.583 [main] PlatformDependent - -Dio.netty.tmpdir: C:\Users\DERANT~1\AppData\Local\Temp (java.io.tmpdir)
[DEBUG] 2022-09-02 18:58:03.583 [main] PlatformDependent - -Dio.netty.bitMode: 64 (sun.arch.data.model)
[DEBUG] 2022-09-02 18:58:03.584 [main] PlatformDependent - Platform: Windows
[DEBUG] 2022-09-02 18:58:03.586 [main] PlatformDependent - -Dio.netty.maxDirectMemory: 3793747968 bytes
[DEBUG] 2022-09-02 18:58:03.586 [main] PlatformDependent - -Dio.netty.uninitializedArrayAllocationThreshold: -1
[DEBUG] 2022-09-02 18:58:03.588 [main] CleanerJava6 - java.nio.ByteBuffer.cleaner(): available
[DEBUG] 2022-09-02 18:58:03.589 [main] PlatformDependent - -Dio.netty.noPreferDirect: false
[DEBUG] 2022-09-02 18:58:03.602 [main] PlatformDependent - org.jctools-core.MpscChunkedArrayQueue: available
[DEBUG] 2022-09-02 18:58:03.636 [main] InternalThreadLocalMap - -Dio.netty.threadLocalMap.stringBuilder.initialSize: 1024
[DEBUG] 2022-09-02 18:58:03.636 [main] InternalThreadLocalMap - -Dio.netty.threadLocalMap.stringBuilder.maxSize: 4096
[DEBUG] 2022-09-02 18:58:03.660 [main] JdkSslContext - Default protocols (JDK): [TLSv1.3, TLSv1.2] 
[DEBUG] 2022-09-02 18:58:03.661 [main] JdkSslContext - Default cipher suites (JDK): [TLS_ECDHE_ECDSA_WITH_AES_256_GCM_SHA384, TLS_ECDHE_ECDSA_WITH_AES_128_GCM_SHA256, TLS_ECDHE_RSA_WITH_AES_128_GCM_SHA256, TLS_ECDHE_RSA_WITH_AES_256_GCM_SHA384, TLS_ECDHE_RSA_WITH_AES_128_CBC_SHA, TLS_ECDHE_RSA_WITH_AES_256_CBC_SHA, TLS_RSA_WITH_AES_128_GCM_SHA256, TLS_RSA_WITH_AES_128_CBC_SHA, TLS_RSA_WITH_AES_256_CBC_SHA, TLS_AES_128_GCM_SHA256, TLS_AES_256_GCM_SHA384]
[DEBUG] 2022-09-02 18:58:03.740 [main] MultithreadEventLoopGroup - -Dio.netty.eventLoopThreads: 8
[DEBUG] 2022-09-02 18:58:03.769 [main] NioEventLoop - -Dio.netty.noKeySetOptimization: false
[DEBUG] 2022-09-02 18:58:03.772 [main] NioEventLoop - -Dio.netty.selectorAutoRebuildThreshold: 512
[TRACE] 2022-09-02 18:58:03.834 [main] NioEventLoop - instrumented a special java.util.Set into: sun.nio.ch.WindowsSelectorImpl@22fa55b2
[TRACE] 2022-09-02 18:58:03.856 [main] NioEventLoop - instrumented a special java.util.Set into: sun.nio.ch.WindowsSelectorImpl@30f4b1a6
[TRACE] 2022-09-02 18:58:03.867 [main] NioEventLoop - instrumented a special java.util.Set into: sun.nio.ch.WindowsSelectorImpl@405325cf
[TRACE] 2022-09-02 18:58:03.874 [main] NioEventLoop - instrumented a special java.util.Set into: sun.nio.ch.WindowsSelectorImpl@3e1162e7
[TRACE] 2022-09-02 18:58:03.876 [main] NioEventLoop - instrumented a special java.util.Set into: sun.nio.ch.WindowsSelectorImpl@79c3f01f
[TRACE] 2022-09-02 18:58:03.878 [main] NioEventLoop - instrumented a special java.util.Set into: sun.nio.ch.WindowsSelectorImpl@6c2f1700
[TRACE] 2022-09-02 18:58:03.880 [main] NioEventLoop - instrumented a special java.util.Set into: sun.nio.ch.WindowsSelectorImpl@350b3a17
[TRACE] 2022-09-02 18:58:03.883 [main] NioEventLoop - instrumented a special java.util.Set into: sun.nio.ch.WindowsSelectorImpl@38600b
