[DEBUG] 2022-07-30 19:58:36.414 [main] InternalLoggerFactory - Using Log4J2 as the default logging framework
[DEBUG] 2022-07-30 19:58:36.425 [main] ResourceLeakDetector - -Dio.netty.leakDetection.level: simple
[DEBUG] 2022-07-30 19:58:36.426 [main] ResourceLeakDetector - -Dio.netty.leakDetection.targetRecords: 4
[DEBUG] 2022-07-30 19:58:36.428 [main] ResourceLeakDetectorFactory - Loaded default ResourceLeakDetector: io.netty.util.ResourceLeakDetector@7a34f66a
[DEBUG] 2022-07-30 19:58:36.444 [main] PlatformDependent0 - -Dio.netty.noUnsafe: false
[DEBUG] 2022-07-30 19:58:36.444 [main] PlatformDependent0 - Java version: 15
[DEBUG] 2022-07-30 19:58:36.446 [main] PlatformDependent0 - sun.misc.Unsafe.theUnsafe: available
[DEBUG] 2022-07-30 19:58:36.446 [main] PlatformDependent0 - sun.misc.Unsafe.copyMemory: available
[DEBUG] 2022-07-30 19:58:36.448 [main] PlatformDependent0 - sun.misc.Unsafe.storeFence: available
[DEBUG] 2022-07-30 19:58:36.448 [main] PlatformDependent0 - java.nio.Buffer.address: available
[DEBUG] 2022-07-30 19:58:36.449 [main] PlatformDependent0 - direct buffer constructor: unavailable
java.lang.UnsupportedOperationException: Reflective setAccessible(true) disabled
	at io.netty.util.internal.ReflectionUtil.trySetAccessible(ReflectionUtil.java:31) ~[netty-common-4.1.78.Final.jar:4.1.78.Final]
	at io.netty.util.internal.PlatformDependent0$5.run(PlatformDependent0.java:287) ~[netty-common-4.1.78.Final.jar:4.1.78.Final]
	at java.security.AccessController.doPrivileged(AccessController.java:312) ~[?:?]
	at io.netty.util.internal.PlatformDependent0.<clinit>(PlatformDependent0.java:281) ~[netty-common-4.1.78.Final.jar:4.1.78.Final]
	at io.netty.util.internal.PlatformDependent.isAndroid(PlatformDependent.java:294) ~[netty-common-4.1.78.Final.jar:4.1.78.Final]
	at io.netty.util.internal.PlatformDependent.<clinit>(PlatformDependent.java:88) ~[netty-common-4.1.78.Final.jar:4.1.78.Final]
	at io.netty.util.HashedWheelTimer.<init>(HashedWheelTimer.java:114) ~[netty-common-4.1.78.Final.jar:4.1.78.Final]
	at io.netty.util.HashedWheelTimer.<init>(HashedWheelTimer.java:251) ~[netty-common-4.1.78.Final.jar:4.1.78.Final]
	at io.netty.util.HashedWheelTimer.<init>(HashedWheelTimer.java:224) ~[netty-common-4.1.78.Final.jar:4.1.78.Final]
	at io.netty.util.HashedWheelTimer.<init>(HashedWheelTimer.java:203) ~[netty-common-4.1.78.Final.jar:4.1.78.Final]
	at org.asynchttpclient.DefaultAsyncHttpClient.newNettyTimer(DefaultAsyncHttpClient.java:111) ~[async-http-client-2.12.3.jar:?]
	at org.asynchttpclient.DefaultAsyncHttpClient.<init>(DefaultAsyncHttpClient.java:90) ~[async-http-client-2.12.3.jar:?]
	at org.asynchttpclient.Dsl.asyncHttpClient(Dsl.java:32) ~[async-http-client-2.12.3.jar:?]
	at org.openqa.selenium.remote.http.netty.NettyClient.createHttpClient(NettyClient.java:93) ~[selenium-remote-driver-4.3.0.jar:?]
	at org.openqa.selenium.remote.http.netty.NettyClient.<clinit>(NettyClient.java:47) ~[selenium-remote-driver-4.3.0.jar:?]
	at org.openqa.selenium.remote.http.netty.NettyClient$Factory.createClient(NettyClient.java:134) ~[selenium-remote-driver-4.3.0.jar:?]
	at org.openqa.selenium.remote.HttpCommandExecutor.<init>(HttpCommandExecutor.java:107) ~[selenium-remote-driver-4.3.0.jar:?]
	at org.openqa.selenium.remote.HttpCommandExecutor.<init>(HttpCommandExecutor.java:94) ~[selenium-remote-driver-4.3.0.jar:?]
	at org.openqa.selenium.remote.HttpCommandExecutor.<init>(HttpCommandExecutor.java:85) ~[selenium-remote-driver-4.3.0.jar:?]
	at org.openqa.selenium.remote.service.DriverCommandExecutor.<init>(DriverCommandExecutor.java:80) ~[selenium-remote-driver-4.3.0.jar:?]
	at org.openqa.selenium.chromium.ChromiumDriverCommandExecutor.<init>(ChromiumDriverCommandExecutor.java:35) ~[selenium-chromium-driver-4.3.0.jar:?]
	at org.openqa.selenium.chrome.ChromeDriver$ChromeDriverCommandExecutor.<init>(ChromeDriver.java:93) ~[selenium-chrome-driver-4.3.0.jar:?]
	at org.openqa.selenium.chrome.ChromeDriver.<init>(ChromeDriver.java:81) ~[selenium-chrome-driver-4.3.0.jar:?]
	at org.openqa.selenium.chrome.ChromeDriver.<init>(ChromeDriver.java:49) ~[selenium-chrome-driver-4.3.0.jar:?]
	at utils.Drivers.setupDriver(Drivers.java:34) ~[classes/:?]
	at jdk.internal.reflect.NativeMethodAccessorImpl.invoke0(Native Method) ~[?:?]
	at jdk.internal.reflect.NativeMethodAccessorImpl.invoke(NativeMethodAccessorImpl.java:64) ~[?:?]
	at jdk.internal.reflect.DelegatingMethodAccessorImpl.invoke(DelegatingMethodAccessorImpl.java:43) ~[?:?]
	at java.lang.reflect.Method.invoke(Method.java:564) ~[?:?]
	at org.testng.internal.invokers.MethodInvocationHelper.invokeMethod(MethodInvocationHelper.java:139) ~[testng-7.6.0.jar:7.6.0]
	at org.testng.internal.invokers.MethodInvocationHelper.invokeMethodConsideringTimeout(MethodInvocationHelper.java:69) ~[testng-7.6.0.jar:7.6.0]
	at org.testng.internal.invokers.ConfigInvoker.invokeConfigurationMethod(ConfigInvoker.java:361) ~[testng-7.6.0.jar:7.6.0]
	at org.testng.internal.invokers.ConfigInvoker.invokeConfigurations(ConfigInvoker.java:296) ~[testng-7.6.0.jar:7.6.0]
	at org.testng.SuiteRunner.privateRun(SuiteRunner.java:372) ~[testng-7.6.0.jar:7.6.0]
	at org.testng.SuiteRunner.run(SuiteRunner.java:330) ~[testng-7.6.0.jar:7.6.0]
	at org.testng.SuiteRunnerWorker.runSuite(SuiteRunnerWorker.java:52) ~[testng-7.6.0.jar:7.6.0]
	at org.testng.SuiteRunnerWorker.run(SuiteRunnerWorker.java:95) ~[testng-7.6.0.jar:7.6.0]
	at org.testng.TestNG.runSuitesSequentially(TestNG.java:1256) ~[testng-7.6.0.jar:7.6.0]
	at org.testng.TestNG.runSuitesLocally(TestNG.java:1176) ~[testng-7.6.0.jar:7.6.0]
	at org.testng.TestNG.runSuites(TestNG.java:1099) ~[testng-7.6.0.jar:7.6.0]
	at org.testng.TestNG.run(TestNG.java:1067) ~[testng-7.6.0.jar:7.6.0]
	at com.intellij.rt.testng.IDEARemoteTestNG.run(IDEARemoteTestNG.java:66) ~[testng-rt.jar:?]
	at com.intellij.rt.testng.RemoteTestNGStarter.main(RemoteTestNGStarter.java:109) ~[testng-rt.jar:?]
[DEBUG] 2022-07-30 19:58:36.454 [main] PlatformDependent0 - java.nio.Bits.unaligned: available, true
[DEBUG] 2022-07-30 19:58:36.456 [main] PlatformDependent0 - jdk.internal.misc.Unsafe.allocateUninitializedArray(int): unavailable
java.lang.IllegalAccessException: class io.netty.util.internal.PlatformDependent0$7 cannot access class jdk.internal.misc.Unsafe (in module java.base) because module java.base does not export jdk.internal.misc to unnamed module @499ef98e
	at jdk.internal.reflect.Reflection.newIllegalAccessException(Reflection.java:385) ~[?:?]
	at java.lang.reflect.AccessibleObject.checkAccess(AccessibleObject.java:693) ~[?:?]
	at java.lang.reflect.Method.invoke(Method.java:556) ~[?:?]
	at io.netty.util.internal.PlatformDependent0$7.run(PlatformDependent0.java:409) ~[netty-common-4.1.78.Final.jar:4.1.78.Final]
	at java.security.AccessController.doPrivileged(AccessController.java:312) ~[?:?]
	at io.netty.util.internal.PlatformDependent0.<clinit>(PlatformDependent0.java:400) ~[netty-common-4.1.78.Final.jar:4.1.78.Final]
	at io.netty.util.internal.PlatformDependent.isAndroid(PlatformDependent.java:294) ~[netty-common-4.1.78.Final.jar:4.1.78.Final]
	at io.netty.util.internal.PlatformDependent.<clinit>(PlatformDependent.java:88) ~[netty-common-4.1.78.Final.jar:4.1.78.Final]
	at io.netty.util.HashedWheelTimer.<init>(HashedWheelTimer.java:114) ~[netty-common-4.1.78.Final.jar:4.1.78.Final]
	at io.netty.util.HashedWheelTimer.<init>(HashedWheelTimer.java:251) ~[netty-common-4.1.78.Final.jar:4.1.78.Final]
	at io.netty.util.HashedWheelTimer.<init>(HashedWheelTimer.java:224) ~[netty-common-4.1.78.Final.jar:4.1.78.Final]
	at io.netty.util.HashedWheelTimer.<init>(HashedWheelTimer.java:203) ~[netty-common-4.1.78.Final.jar:4.1.78.Final]
	at org.asynchttpclient.DefaultAsyncHttpClient.newNettyTimer(DefaultAsyncHttpClient.java:111) ~[async-http-client-2.12.3.jar:?]
	at org.asynchttpclient.DefaultAsyncHttpClient.<init>(DefaultAsyncHttpClient.java:90) ~[async-http-client-2.12.3.jar:?]
	at org.asynchttpclient.Dsl.asyncHttpClient(Dsl.java:32) ~[async-http-client-2.12.3.jar:?]
	at org.openqa.selenium.remote.http.netty.NettyClient.createHttpClient(NettyClient.java:93) ~[selenium-remote-driver-4.3.0.jar:?]
	at org.openqa.selenium.remote.http.netty.NettyClient.<clinit>(NettyClient.java:47) ~[selenium-remote-driver-4.3.0.jar:?]
	at org.openqa.selenium.remote.http.netty.NettyClient$Factory.createClient(NettyClient.java:134) ~[selenium-remote-driver-4.3.0.jar:?]
	at org.openqa.selenium.remote.HttpCommandExecutor.<init>(HttpCommandExecutor.java:107) ~[selenium-remote-driver-4.3.0.jar:?]
	at org.openqa.selenium.remote.HttpCommandExecutor.<init>(HttpCommandExecutor.java:94) ~[selenium-remote-driver-4.3.0.jar:?]
	at org.openqa.selenium.remote.HttpCommandExecutor.<init>(HttpCommandExecutor.java:85) ~[selenium-remote-driver-4.3.0.jar:?]
	at org.openqa.selenium.remote.service.DriverCommandExecutor.<init>(DriverCommandExecutor.java:80) ~[selenium-remote-driver-4.3.0.jar:?]
	at org.openqa.selenium.chromium.ChromiumDriverCommandExecutor.<init>(ChromiumDriverCommandExecutor.java:35) ~[selenium-chromium-driver-4.3.0.jar:?]
	at org.openqa.selenium.chrome.ChromeDriver$ChromeDriverCommandExecutor.<init>(ChromeDriver.java:93) ~[selenium-chrome-driver-4.3.0.jar:?]
	at org.openqa.selenium.chrome.ChromeDriver.<init>(ChromeDriver.java:81) ~[selenium-chrome-driver-4.3.0.jar:?]
	at org.openqa.selenium.chrome.ChromeDriver.<init>(ChromeDriver.java:49) ~[selenium-chrome-driver-4.3.0.jar:?]
	at utils.Drivers.setupDriver(Drivers.java:34) ~[classes/:?]
	at jdk.internal.reflect.NativeMethodAccessorImpl.invoke0(Native Method) ~[?:?]
	at jdk.internal.reflect.NativeMethodAccessorImpl.invoke(NativeMethodAccessorImpl.java:64) ~[?:?]
	at jdk.internal.reflect.DelegatingMethodAccessorImpl.invoke(DelegatingMethodAccessorImpl.java:43) ~[?:?]
	at java.lang.reflect.Method.invoke(Method.java:564) ~[?:?]
	at org.testng.internal.invokers.MethodInvocationHelper.invokeMethod(MethodInvocationHelper.java:139) ~[testng-7.6.0.jar:7.6.0]
	at org.testng.internal.invokers.MethodInvocationHelper.invokeMethodConsideringTimeout(MethodInvocationHelper.java:69) ~[testng-7.6.0.jar:7.6.0]
	at org.testng.internal.invokers.ConfigInvoker.invokeConfigurationMethod(ConfigInvoker.java:361) ~[testng-7.6.0.jar:7.6.0]
	at org.testng.internal.invokers.ConfigInvoker.invokeConfigurations(ConfigInvoker.java:296) ~[testng-7.6.0.jar:7.6.0]
	at org.testng.SuiteRunner.privateRun(SuiteRunner.java:372) ~[testng-7.6.0.jar:7.6.0]
	at org.testng.SuiteRunner.run(SuiteRunner.java:330) ~[testng-7.6.0.jar:7.6.0]
	at org.testng.SuiteRunnerWorker.runSuite(SuiteRunnerWorker.java:52) ~[testng-7.6.0.jar:7.6.0]
	at org.testng.SuiteRunnerWorker.run(SuiteRunnerWorker.java:95) ~[testng-7.6.0.jar:7.6.0]
	at org.testng.TestNG.runSuitesSequentially(TestNG.java:1256) ~[testng-7.6.0.jar:7.6.0]
	at org.testng.TestNG.runSuitesLocally(TestNG.java:1176) ~[testng-7.6.0.jar:7.6.0]
	at org.testng.TestNG.runSuites(TestNG.java:1099) ~[testng-7.6.0.jar:7.6.0]
	at org.testng.TestNG.run(TestNG.java:1067) ~[testng-7.6.0.jar:7.6.0]
	at com.intellij.rt.testng.IDEARemoteTestNG.run(IDEARemoteTestNG.java:66) ~[testng-rt.jar:?]
	at com.intellij.rt.testng.RemoteTestNGStarter.main(RemoteTestNGStarter.java:109) ~[testng-rt.jar:?]
[DEBUG] 2022-07-30 19:58:36.457 [main] PlatformDependent0 - java.nio.DirectByteBuffer.<init>(long, int): unavailable
[DEBUG] 2022-07-30 19:58:36.458 [main] PlatformDependent - sun.misc.Unsafe: available
[DEBUG] 2022-07-30 19:58:36.459 [main] PlatformDependent - maxDirectMemory: 4261412864 bytes (maybe)
[DEBUG] 2022-07-30 19:58:36.459 [main] PlatformDependent - -Dio.netty.tmpdir: C:\Users\DHNAVA~1\AppData\Local\Temp (java.io.tmpdir)
[DEBUG] 2022-07-30 19:58:36.459 [main] PlatformDependent - -Dio.netty.bitMode: 64 (sun.arch.data.model)
[DEBUG] 2022-07-30 19:58:36.460 [main] PlatformDependent - Platform: Windows
[DEBUG] 2022-07-30 19:58:36.460 [main] PlatformDependent - -Dio.netty.maxDirectMemory: -1 bytes
[DEBUG] 2022-07-30 19:58:36.461 [main] PlatformDependent - -Dio.netty.uninitializedArrayAllocationThreshold: -1
[DEBUG] 2022-07-30 19:58:36.462 [main] CleanerJava9 - java.nio.ByteBuffer.cleaner(): available
[DEBUG] 2022-07-30 19:58:36.462 [main] PlatformDependent - -Dio.netty.noPreferDirect: false
[DEBUG] 2022-07-30 19:58:36.468 [main] PlatformDependent - org.jctools-core.MpscChunkedArrayQueue: available
[DEBUG] 2022-07-30 19:58:36.484 [main] InternalThreadLocalMap - -Dio.netty.threadLocalMap.stringBuilder.initialSize: 1024
[DEBUG] 2022-07-30 19:58:36.484 [main] InternalThreadLocalMap - -Dio.netty.threadLocalMap.stringBuilder.maxSize: 4096
[DEBUG] 2022-07-30 19:58:36.494 [main] JdkSslContext - Default protocols (JDK): [TLSv1.3, TLSv1.2] 
[DEBUG] 2022-07-30 19:58:36.494 [main] JdkSslContext - Default cipher suites (JDK): [TLS_ECDHE_ECDSA_WITH_AES_256_GCM_SHA384, TLS_ECDHE_ECDSA_WITH_AES_128_GCM_SHA256, TLS_ECDHE_RSA_WITH_AES_128_GCM_SHA256, TLS_ECDHE_RSA_WITH_AES_256_GCM_SHA384, TLS_ECDHE_RSA_WITH_AES_128_CBC_SHA, TLS_ECDHE_RSA_WITH_AES_256_CBC_SHA, TLS_RSA_WITH_AES_128_GCM_SHA256, TLS_RSA_WITH_AES_128_CBC_SHA, TLS_RSA_WITH_AES_256_CBC_SHA, TLS_AES_128_GCM_SHA256, TLS_AES_256_GCM_SHA384]
[DEBUG] 2022-07-30 19:58:36.514 [main] MultithreadEventLoopGroup - -Dio.netty.eventLoopThreads: 16
[DEBUG] 2022-07-30 19:58:36.521 [main] NioEventLoop - -Dio.netty.noKeySetOptimization: false
[DEBUG] 2022-07-30 19:58:36.522 [main] NioEventLoop - -Dio.netty.selectorAutoRebuildThreshold: 512
[TRACE] 2022-07-30 19:58:36.534 [main] NioEventLoop - instrumented a special java.util.Set into: sun.nio.ch.WindowsSelectorImpl@188cbcde
[TRACE] 2022-07-30 19:58:36.535 [main] NioEventLoop - instrumented a special java.util.Set into: sun.nio.ch.WindowsSelectorImpl@35267fd4
[TRACE] 2022-07-30 19:58:36.536 [main] NioEventLoop - instrumented a special java.util.Set into: sun.nio.ch.WindowsSelectorImpl@397ef2
[TRACE] 2022-07-30 19:58:36.537 [main] NioEventLoop - instrumented a special java.util.Set into: sun.nio.ch.WindowsSelectorImpl@36a6bea6
[TRACE] 2022-07-30 19:58:36.538 [main] NioEventLoop - instrumented a special java.util.Set into: sun.nio.ch.WindowsSelectorImpl@44e93c1f
[TRACE] 2022-07-30 19:58:36.539 [main] NioEventLoop - instrumented a special java.util.Set into: sun.nio.ch.WindowsSelectorImpl@42373389
[TRACE] 2022-07-30 19:58:36.540 [main] NioEventLoop - instrumented a special java.util.Set into: sun.nio.ch.WindowsSelectorImpl@9b21bd3
[TRACE] 2022-07-30 19:58:36.542 [main] NioEventLoop - instrumented a special java.util.Set into: sun.nio.ch.WindowsSelectorImpl@a62c7cd
[TRACE] 2022-07-30 19:58:36.542 [main] NioEventLoop - instrumented a special java.util.Set into: sun.nio.ch.WindowsSelectorImpl@7661b5a
[TRACE] 2022-07-30 19:58:36.543 [main] NioEventLoop - instrumented a special java.util.Set into: sun.nio.ch.WindowsSelectorImpl@7c36db44
[TRACE] 2022-07-30 19:58:36.544 [main] NioEventLoop - instrumented a special java.util.Set into: sun.nio.ch.WindowsSelectorImpl@65c33b92
[TRACE] 2022-07-30 19:58:36.545 [main] NioEventLoop - instrumented a special java.util.Set into: sun.nio.ch.WindowsSelectorImpl@7903d448
[TRACE] 2022-07-30 19:58:36.546 [main] NioEventLoop - instrumented a special java.util.Set into: sun.nio.ch.WindowsSelectorImpl@4e08acf9
[TRACE] 2022-07-30 19:58:36.547 [main] NioEventLoop - instrumented a special java.util.Set into: sun.nio.ch.WindowsSelectorImpl@42ea287
[TRACE] 2022-07-30 19:58:36.548 [main] NioEventLoop - instrumented a special java.util.Set into: sun.nio.ch.WindowsSelectorImpl@78cd163b
[TRACE] 2022-07-30 19:58:36.549 [main] NioEventLoop - instrumented a special java.util.Set into: sun.nio.ch.WindowsSelectorImpl@1f0b3cfe
[DEBUG] 2022-07-30 19:58:36.566 [main] PooledByteBufAllocator - -Dio.netty.allocator.numHeapArenas: 16
[DEBUG] 2022-07-30 19:58:36.566 [main] PooledByteBufAllocator - -Dio.netty.allocator.numDirectArenas: 16
[DEBUG] 2022-07-30 19:58:36.566 [main] PooledByteBufAllocator - -Dio.netty.allocator.pageSize: 8192
[DEBUG] 2022-07-30 19:58:36.566 [main] PooledByteBufAllocator - -Dio.netty.allocator.maxOrder: 9
[DEBUG] 2022-07-30 19:58:36.566 [main] PooledByteBufAllocator - -Dio.netty.allocator.chunkSize: 4194304
[DEBUG] 2022-07-30 19:58:36.567 [main] PooledByteBufAllocator - -Dio.netty.allocator.smallCacheSize: 256
[DEBUG] 2022-07-30 19:58:36.567 [main] PooledByteBufAllocator - -Dio.netty.allocator.normalCacheSize: 64
[DEBUG] 2022-07-30 19:58:36.567 [main] PooledByteBufAllocator - -Dio.netty.allocator.maxCachedBufferCapacity: 32768
[DEBUG] 2022-07-30 19:58:36.567 [main] PooledByteBufAllocator - -Dio.netty.allocator.cacheTrimInterval: 8192
[DEBUG] 2022-07-30 19:58:36.567 [main] PooledByteBufAllocator - -Dio.netty.allocator.cacheTrimIntervalMillis: 0
[DEBUG] 2022-07-30 19:58:36.567 [main] PooledByteBufAllocator - -Dio.netty.allocator.useCacheForAllThreads: false
[DEBUG] 2022-07-30 19:58:36.568 [main] PooledByteBufAllocator - -Dio.netty.allocator.maxCachedByteBuffersPerChunk: 1023
[DEBUG] 2022-07-30 19:58:36.575 [main] ByteBufUtil - -Dio.netty.allocator.type: pooled
[DEBUG] 2022-07-30 19:58:36.576 [main] ByteBufUtil - -Dio.netty.threadLocalDirectBufferSize: 0
[DEBUG] 2022-07-30 19:58:36.576 [main] ByteBufUtil - -Dio.netty.maxThreadLocalCharBufferSize: 16384
